#
# There is insufficient memory for the Java Runtime Environment to continue.
# Native memory allocation (malloc) failed to allocate 1810096 bytes for Chunk::new
# Possible reasons:
#   The system is out of physical RAM or swap space
#   The process is running with CompressedOops enabled, and the Java Heap may be blocking the growth of the native heap
# Possible solutions:
#   Reduce memory load on the system
#   Increase physical memory or swap space
#   Check if swap backing store is full
#   Decrease Java heap size (-Xmx/-Xms)
#   Decrease number of Java threads
#   Decrease Java thread stack sizes (-Xss)
#   Set larger code cache with -XX:ReservedCodeCacheSize=
#   JVM is running with Unscaled Compressed Oops mode in which the Java heap is
#     placed in the first 4GB address space. The Java Heap base address is the
#     maximum limit for the native heap growth. Please use -XX:HeapBaseMinAddress
#     to set the Java Heap base and to place the Java Heap above 4GB virtual address.
# This output file may be truncated or incomplete.
#
#  Out of Memory Error (./open/src/hotspot/share/memory/arena.cpp:197), pid=11964, tid=9124
#
# JRE version: Java(TM) SE Runtime Environment 18.9 (11.0.18+9) (build 11.0.18+9-LTS-195)
# Java VM: Java HotSpot(TM) 64-Bit Server VM 18.9 (11.0.18+9-LTS-195, mixed mode, tiered, compressed oops, g1 gc, windows-amd64)
# No core dump will be written. Minidumps are not enabled by default on client versions of Windows
#

---------------  S U M M A R Y ------------

Command Line: -agentlib:jdwp=transport=dt_socket,suspend=y,address=localhost:5234 --module-path=D:\Binus\MPF Lab\openjfx-17.0.7_windows-x64_bin-sdk\javafx-sdk-17.0.7\lib --add-modules=javafx.base,javafx.controls,javafx.media -javaagent:D:\balikin lagi\App\eclipse-java-2020-06-R-win32-x86_64\eclipse\configuration\org.eclipse.osgi\222\0\.cp\lib\javaagent-shaded.jar -Dfile.encoding=Cp1252 --module-path=D:\Binus\MPF Lab\openjfx-17.0.7_windows-x64_bin-sdk\javafx-sdk-17.0.7\lib\javafx.base.jar;D:\Binus\MPF Lab\openjfx-17.0.7_windows-x64_bin-sdk\javafx-sdk-17.0.7\lib\javafx.controls.jar;D:\Binus\MPF Lab\openjfx-17.0.7_windows-x64_bin-sdk\javafx-sdk-17.0.7\lib\javafx.fxml.jar;D:\Binus\MPF Lab\openjfx-17.0.7_windows-x64_bin-sdk\javafx-sdk-17.0.7\lib\javafx.graphics.jar;D:\Binus\MPF Lab\openjfx-17.0.7_windows-x64_bin-sdk\javafx-sdk-17.0.7\lib\javafx.media.jar;D:\Binus\MPF Lab\openjfx-17.0.7_windows-x64_bin-sdk\javafx-sdk-17.0.7\lib\javafx.swing.jar;D:\Binus\MPF Lab\openjfx-17.0.7_windows-x64_bin-sdk\javafx-sdk-17.0.7\lib\javafx.web.jar;D:\Binus\MPF Lab\openjfx-17.0.7_windows-x64_bin-sdk\javafx-sdk-17.0.7\lib\javafx-swt.jar ruindows.LoginPage

Host: AMD Ryzen 5 3500U with Radeon Vega Mobile Gfx  , 8 cores, 6G,  Windows 10 , 64 bit Build 19041 (10.0.19041.2364)
Time: Wed May 28 14:15:23 2025 SE Asia Standard Time elapsed time: 2.162544 seconds (0d 0h 0m 2s)

---------------  T H R E A D  ---------------

Current thread (0x000002199216b000):  JavaThread "C2 CompilerThread2" daemon [_thread_in_native, id=9124, stack(0x00000095e7b00000,0x00000095e7c00000)]


Current CompileTask:
C2:   2162 1672       4       org.eclipse.jdt.launching.internal.org.objectweb.asm.ClassWriter::toByteArray (1535 bytes)

Stack: [0x00000095e7b00000,0x00000095e7c00000]
Native frames: (J=compiled Java code, j=interpreted, Vv=VM code, C=native code)
V  [jvm.dll+0x65d8aa]
V  [jvm.dll+0x79fc1f]
V  [jvm.dll+0x7a12e9]
V  [jvm.dll+0x7a1983]
V  [jvm.dll+0x2585b5]
V  [jvm.dll+0xb284c]
V  [jvm.dll+0xb2e0c]
V  [jvm.dll+0x365e21]
V  [jvm.dll+0x1a2232]
V  [jvm.dll+0x2114fd]
V  [jvm.dll+0x210378]
V  [jvm.dll+0x18c641]
V  [jvm.dll+0x220609]
V  [jvm.dll+0x21e92c]
V  [jvm.dll+0x763f61]
V  [jvm.dll+0x75c924]
V  [jvm.dll+0x65c755]
C  [ucrtbase.dll+0x21bb2]
C  [KERNEL32.DLL+0x17614]
C  [ntdll.dll+0x526a1]


---------------  P R O C E S S  ---------------

Threads class SMR info:
_java_thread_list=0x00000219933a52d0, length=22, elements={
0x00000219f1e5d800, 0x00000219914da800, 0x00000219914e3800, 0x00000219914f6000,
0x00000219914f9000, 0x00000219914fa800, 0x0000021991506000, 0x0000021991510800,
0x000002199151a000, 0x0000021991fcc000, 0x000002199202c000, 0x000002199216b000,
0x00000219928c2800, 0x0000021992608000, 0x0000021992959800, 0x000002199252f800,
0x00000219926d7800, 0x0000021992558800, 0x0000021993359000, 0x0000021992c40800,
0x0000021999af2800, 0x0000021993686800
}

Java Threads: ( => current thread )
  0x00000219f1e5d800 JavaThread "main" [_thread_blocked, id=22244, stack(0x00000095e6a00000,0x00000095e6b00000)]
  0x00000219914da800 JavaThread "Reference Handler" daemon [_thread_blocked, id=22844, stack(0x00000095e7100000,0x00000095e7200000)]
  0x00000219914e3800 JavaThread "Finalizer" daemon [_thread_blocked, id=15944, stack(0x00000095e7200000,0x00000095e7300000)]
  0x00000219914f6000 JavaThread "Signal Dispatcher" daemon [_thread_blocked, id=12540, stack(0x00000095e7300000,0x00000095e7400000)]
  0x00000219914f9000 JavaThread "Attach Listener" daemon [_thread_blocked, id=23204, stack(0x00000095e7400000,0x00000095e7500000)]
  0x00000219914fa800 JavaThread "Service Thread" daemon [_thread_blocked, id=15284, stack(0x00000095e7500000,0x00000095e7600000)]
  0x0000021991506000 JavaThread "C2 CompilerThread0" daemon [_thread_in_native, id=16124, stack(0x00000095e7600000,0x00000095e7700000)]
  0x0000021991510800 JavaThread "C1 CompilerThread0" daemon [_thread_blocked, id=19152, stack(0x00000095e7700000,0x00000095e7800000)]
  0x000002199151a000 JavaThread "Sweeper thread" daemon [_thread_blocked, id=7060, stack(0x00000095e7800000,0x00000095e7900000)]
  0x0000021991fcc000 JavaThread "Common-Cleaner" daemon [_thread_blocked, id=12612, stack(0x00000095e7900000,0x00000095e7a00000)]
  0x000002199202c000 JavaThread "C2 CompilerThread1" daemon [_thread_in_native, id=1588, stack(0x00000095e7a00000,0x00000095e7b00000)]
=>0x000002199216b000 JavaThread "C2 CompilerThread2" daemon [_thread_in_native, id=9124, stack(0x00000095e7b00000,0x00000095e7c00000)]
  0x00000219928c2800 JavaThread "JDWP Transport Listener: dt_socket" daemon [_thread_blocked, id=3604, stack(0x00000095e7c00000,0x00000095e7d00000)]
  0x0000021992608000 JavaThread "JDWP Event Helper Thread" daemon [_thread_blocked, id=3016, stack(0x00000095e7d00000,0x00000095e7e00000)]
  0x0000021992959800 JavaThread "JDWP Command Reader" daemon [_thread_in_native, id=9180, stack(0x00000095e7e00000,0x00000095e7f00000)]
  0x000002199252f800 JavaThread "QuantumRenderer-0" daemon [_thread_in_native, id=13400, stack(0x00000095e8000000,0x00000095e8100000)]
  0x00000219926d7800 JavaThread "InvokeLaterDispatcher" daemon [_thread_blocked, id=6516, stack(0x00000095e8400000,0x00000095e8500000)]
  0x0000021992558800 JavaThread "JavaFX Application Thread" [_thread_blocked, id=5248, stack(0x00000095e8500000,0x00000095e8600000)]
  0x0000021993359000 JavaThread "JavaFX-Launcher" [_thread_blocked, id=10728, stack(0x00000095e8d00000,0x00000095e8e00000)]
  0x0000021992c40800 JavaThread "Thread-2" daemon [_thread_in_native, id=12864, stack(0x00000095e8c00000,0x00000095e8d00000)]
  0x0000021999af2800 JavaThread "Prism Font Disposer" daemon [_thread_blocked, id=14936, stack(0x00000095e8f00000,0x00000095e9000000)]
  0x0000021993686800 JavaThread "Cleaner-0" daemon [_thread_blocked, id=20364, stack(0x00000095e9500000,0x00000095e9600000)]

Other Threads:
  0x00000219914b8000 VMThread "VM Thread" [stack: 0x00000095e7000000,0x00000095e7100000] [id=12816]
  0x0000021993008000 WatcherThread [stack: 0x00000095e7f00000,0x00000095e8000000] [id=20760]
  0x00000219f1e72000 GCTaskThread "GC Thread#0" [stack: 0x00000095e6b00000,0x00000095e6c00000] [id=15860]
  0x00000219926d8800 GCTaskThread "GC Thread#1" [stack: 0x00000095e8300000,0x00000095e8400000] [id=1996]
  0x000002199c5d8000 GCTaskThread "GC Thread#2" [stack: 0x00000095e9000000,0x00000095e9100000] [id=21032]
  0x0000021999084800 GCTaskThread "GC Thread#3" [stack: 0x00000095e9100000,0x00000095e9200000] [id=18652]
  0x000002199b037800 GCTaskThread "GC Thread#4" [stack: 0x00000095e9200000,0x00000095e9300000] [id=23332]
  0x00000219939fe800 GCTaskThread "GC Thread#5" [stack: 0x00000095e9300000,0x00000095e9400000] [id=9420]
  0x00000219f1e9d800 ConcurrentGCThread "G1 Main Marker" [stack: 0x00000095e6c00000,0x00000095e6d00000] [id=1956]
  0x00000219f1ea0000 ConcurrentGCThread "G1 Conc#0" [stack: 0x00000095e6d00000,0x00000095e6e00000] [id=19540]
  0x000002199d28d000 ConcurrentGCThread "G1 Conc#1" [stack: 0x00000095e9400000,0x00000095e9500000] [id=22444]
  0x00000219f1f2f800 ConcurrentGCThread "G1 Refine#0" [stack: 0x00000095e6e00000,0x00000095e6f00000] [id=13268]
  0x00000219f1f30800 ConcurrentGCThread "G1 Young RemSet Sampling" [stack: 0x00000095e6f00000,0x00000095e7000000] [id=9976]

Threads with active compile tasks:
C2 CompilerThread0     2217 1895       4       org.eclipse.jdt.launching.internal.org.objectweb.asm.SymbolTable::<init> (536 bytes)
C2 CompilerThread1     2217 1882       4       java.lang.invoke.MethodType::makeImpl (108 bytes)
C2 CompilerThread2     2217 1672       4       org.eclipse.jdt.launching.internal.org.objectweb.asm.ClassWriter::toByteArray (1535 bytes)

VM state:not at safepoint (normal execution)

VM Mutex/Monitor currently owned by a thread: None

Heap address: 0x0000000091000000, size: 1776 MB, Compressed Oops mode: 32-bit
Narrow klass base: 0x0000000000000000, Narrow klass shift: 3
Compressed class space size: 1073741824 Address: 0x0000000100000000

Heap:
 garbage-first heap   total 114688K, used 31449K [0x0000000091000000, 0x0000000100000000)
  region size 1024K, 20 young (20480K), 4 survivors (4096K)
 Metaspace       used 22722K, capacity 23449K, committed 23808K, reserved 1069056K
  class space    used 2885K, capacity 3201K, committed 3328K, reserved 1048576K
Heap Regions: E=young(eden), S=young(survivor), O=old, HS=humongous(starts), HC=humongous(continues), CS=collection set, F=free, A=archive, TAMS=top-at-mark-start (previous, next)
|   0|0x0000000091000000, 0x0000000091100000, 0x0000000091100000|100%| O|  |TAMS 0x0000000091100000, 0x0000000091000000| Untracked 
|   1|0x0000000091100000, 0x0000000091200000, 0x0000000091200000|100%|HS|  |TAMS 0x0000000091200000, 0x0000000091100000| Complete 
|   2|0x0000000091200000, 0x0000000091300000, 0x0000000091300000|100%|HC|  |TAMS 0x0000000091300000, 0x0000000091200000| Complete 
|   3|0x0000000091300000, 0x0000000091400000, 0x0000000091400000|100%| O|  |TAMS 0x0000000091400000, 0x0000000091300000| Untracked 
|   4|0x0000000091400000, 0x0000000091500000, 0x0000000091500000|100%| O|  |TAMS 0x0000000091500000, 0x0000000091400000| Untracked 
|   5|0x0000000091500000, 0x000000009151f600, 0x0000000091600000| 12%| O|  |TAMS 0x000000009151f600, 0x0000000091500000| Untracked 
|   6|0x0000000091600000, 0x0000000091700000, 0x0000000091700000|100%|HS|  |TAMS 0x0000000091700000, 0x0000000091600000| Complete 
|   7|0x0000000091700000, 0x0000000091800000, 0x0000000091800000|100%|HC|  |TAMS 0x0000000091800000, 0x0000000091700000| Complete 
|   8|0x0000000091800000, 0x0000000091900000, 0x0000000091900000|100%|HC|  |TAMS 0x0000000091900000, 0x0000000091800000| Complete 
|   9|0x0000000091900000, 0x0000000091a00000, 0x0000000091a00000|100%|HC|  |TAMS 0x0000000091a00000, 0x0000000091900000| Complete 
|  10|0x0000000091a00000, 0x0000000091b00000, 0x0000000091b00000|100%|HC|  |TAMS 0x0000000091b00000, 0x0000000091a00000| Complete 
|  11|0x0000000091b00000, 0x0000000091c00000, 0x0000000091c00000|100%|HC|  |TAMS 0x0000000091c00000, 0x0000000091b00000| Complete 
|  12|0x0000000091c00000, 0x0000000091d00000, 0x0000000091d00000|100%|HS|  |TAMS 0x0000000091c00000, 0x0000000091c00000| Complete 
|  13|0x0000000091d00000, 0x0000000091e00000, 0x0000000091e00000|100%|HC|  |TAMS 0x0000000091d00000, 0x0000000091d00000| Complete 
|  14|0x0000000091e00000, 0x0000000091e00000, 0x0000000091f00000|  0%| F|  |TAMS 0x0000000091e00000, 0x0000000091e00000| Untracked 
|  15|0x0000000091f00000, 0x0000000091f00000, 0x0000000092000000|  0%| F|  |TAMS 0x0000000091f00000, 0x0000000091f00000| Untracked 
|  16|0x0000000092000000, 0x0000000092000000, 0x0000000092100000|  0%| F|  |TAMS 0x0000000092000000, 0x0000000092000000| Untracked 
|  17|0x0000000092100000, 0x0000000092100000, 0x0000000092200000|  0%| F|  |TAMS 0x0000000092100000, 0x0000000092100000| Untracked 
|  18|0x0000000092200000, 0x0000000092200000, 0x0000000092300000|  0%| F|  |TAMS 0x0000000092200000, 0x0000000092200000| Untracked 
|  19|0x0000000092300000, 0x0000000092300000, 0x0000000092400000|  0%| F|  |TAMS 0x0000000092300000, 0x0000000092300000| Untracked 
|  20|0x0000000092400000, 0x0000000092400000, 0x0000000092500000|  0%| F|  |TAMS 0x0000000092400000, 0x0000000092400000| Untracked 
|  21|0x0000000092500000, 0x0000000092500000, 0x0000000092600000|  0%| F|  |TAMS 0x0000000092500000, 0x0000000092500000| Untracked 
|  22|0x0000000092600000, 0x0000000092600000, 0x0000000092700000|  0%| F|  |TAMS 0x0000000092600000, 0x0000000092600000| Untracked 
|  23|0x0000000092700000, 0x0000000092700000, 0x0000000092800000|  0%| F|  |TAMS 0x0000000092700000, 0x0000000092700000| Untracked 
|  24|0x0000000092800000, 0x0000000092800000, 0x0000000092900000|  0%| F|  |TAMS 0x0000000092800000, 0x0000000092800000| Untracked 
|  25|0x0000000092900000, 0x0000000092900000, 0x0000000092a00000|  0%| F|  |TAMS 0x0000000092900000, 0x0000000092900000| Untracked 
|  26|0x0000000092a00000, 0x0000000092a00000, 0x0000000092b00000|  0%| F|  |TAMS 0x0000000092a00000, 0x0000000092a00000| Untracked 
|  27|0x0000000092b00000, 0x0000000092b00000, 0x0000000092c00000|  0%| F|  |TAMS 0x0000000092b00000, 0x0000000092b00000| Untracked 
|  28|0x0000000092c00000, 0x0000000092c00000, 0x0000000092d00000|  0%| F|  |TAMS 0x0000000092c00000, 0x0000000092c00000| Untracked 
|  29|0x0000000092d00000, 0x0000000092d00000, 0x0000000092e00000|  0%| F|  |TAMS 0x0000000092d00000, 0x0000000092d00000| Untracked 
|  30|0x0000000092e00000, 0x0000000092e00000, 0x0000000092f00000|  0%| F|  |TAMS 0x0000000092e00000, 0x0000000092e00000| Untracked 
|  31|0x0000000092f00000, 0x0000000092f00000, 0x0000000093000000|  0%| F|  |TAMS 0x0000000092f00000, 0x0000000092f00000| Untracked 
|  32|0x0000000093000000, 0x0000000093000000, 0x0000000093100000|  0%| F|  |TAMS 0x0000000093000000, 0x0000000093000000| Untracked 
|  33|0x0000000093100000, 0x0000000093100000, 0x0000000093200000|  0%| F|  |TAMS 0x0000000093100000, 0x0000000093100000| Untracked 
|  34|0x0000000093200000, 0x0000000093200000, 0x0000000093300000|  0%| F|  |TAMS 0x0000000093200000, 0x0000000093200000| Untracked 
|  35|0x0000000093300000, 0x0000000093300000, 0x0000000093400000|  0%| F|  |TAMS 0x0000000093300000, 0x0000000093300000| Untracked 
|  36|0x0000000093400000, 0x0000000093400000, 0x0000000093500000|  0%| F|  |TAMS 0x0000000093400000, 0x0000000093400000| Untracked 
|  37|0x0000000093500000, 0x0000000093500000, 0x0000000093600000|  0%| F|  |TAMS 0x0000000093500000, 0x0000000093500000| Untracked 
|  38|0x0000000093600000, 0x0000000093600000, 0x0000000093700000|  0%| F|  |TAMS 0x0000000093600000, 0x0000000093600000| Untracked 
|  39|0x0000000093700000, 0x0000000093700000, 0x0000000093800000|  0%| F|  |TAMS 0x0000000093700000, 0x0000000093700000| Untracked 
|  40|0x0000000093800000, 0x0000000093800000, 0x0000000093900000|  0%| F|  |TAMS 0x0000000093800000, 0x0000000093800000| Untracked 
|  41|0x0000000093900000, 0x0000000093900000, 0x0000000093a00000|  0%| F|  |TAMS 0x0000000093900000, 0x0000000093900000| Untracked 
|  42|0x0000000093a00000, 0x0000000093a00000, 0x0000000093b00000|  0%| F|  |TAMS 0x0000000093a00000, 0x0000000093a00000| Untracked 
|  43|0x0000000093b00000, 0x0000000093b00000, 0x0000000093c00000|  0%| F|  |TAMS 0x0000000093b00000, 0x0000000093b00000| Untracked 
|  44|0x0000000093c00000, 0x0000000093c00000, 0x0000000093d00000|  0%| F|  |TAMS 0x0000000093c00000, 0x0000000093c00000| Untracked 
|  45|0x0000000093d00000, 0x0000000093d00000, 0x0000000093e00000|  0%| F|  |TAMS 0x0000000093d00000, 0x0000000093d00000| Untracked 
|  46|0x0000000093e00000, 0x0000000093e00000, 0x0000000093f00000|  0%| F|  |TAMS 0x0000000093e00000, 0x0000000093e00000| Untracked 
|  47|0x0000000093f00000, 0x0000000093f00000, 0x0000000094000000|  0%| F|  |TAMS 0x0000000093f00000, 0x0000000093f00000| Untracked 
|  48|0x0000000094000000, 0x0000000094000000, 0x0000000094100000|  0%| F|  |TAMS 0x0000000094000000, 0x0000000094000000| Untracked 
|  49|0x0000000094100000, 0x0000000094100000, 0x0000000094200000|  0%| F|  |TAMS 0x0000000094100000, 0x0000000094100000| Untracked 
|  50|0x0000000094200000, 0x0000000094200000, 0x0000000094300000|  0%| F|  |TAMS 0x0000000094200000, 0x0000000094200000| Untracked 
|  51|0x0000000094300000, 0x0000000094300000, 0x0000000094400000|  0%| F|  |TAMS 0x0000000094300000, 0x0000000094300000| Untracked 
|  52|0x0000000094400000, 0x0000000094400000, 0x0000000094500000|  0%| F|  |TAMS 0x0000000094400000, 0x0000000094400000| Untracked 
|  53|0x0000000094500000, 0x0000000094500000, 0x0000000094600000|  0%| F|  |TAMS 0x0000000094500000, 0x0000000094500000| Untracked 
|  54|0x0000000094600000, 0x0000000094600000, 0x0000000094700000|  0%| F|  |TAMS 0x0000000094600000, 0x0000000094600000| Untracked 
|  55|0x0000000094700000, 0x0000000094700000, 0x0000000094800000|  0%| F|  |TAMS 0x0000000094700000, 0x0000000094700000| Untracked 
|  56|0x0000000094800000, 0x0000000094800000, 0x0000000094900000|  0%| F|  |TAMS 0x0000000094800000, 0x0000000094800000| Untracked 
|  57|0x0000000094900000, 0x0000000094900000, 0x0000000094a00000|  0%| F|  |TAMS 0x0000000094900000, 0x0000000094900000| Untracked 
|  58|0x0000000094a00000, 0x0000000094a00000, 0x0000000094b00000|  0%| F|  |TAMS 0x0000000094a00000, 0x0000000094a00000| Untracked 
|  59|0x0000000094b00000, 0x0000000094b00000, 0x0000000094c00000|  0%| F|  |TAMS 0x0000000094b00000, 0x0000000094b00000| Untracked 
|  60|0x0000000094c00000, 0x0000000094c00000, 0x0000000094d00000|  0%| F|  |TAMS 0x0000000094c00000, 0x0000000094c00000| Untracked 
|  61|0x0000000094d00000, 0x0000000094d00000, 0x0000000094e00000|  0%| F|  |TAMS 0x0000000094d00000, 0x0000000094d00000| Untracked 
|  62|0x0000000094e00000, 0x0000000094e00000, 0x0000000094f00000|  0%| F|  |TAMS 0x0000000094e00000, 0x0000000094e00000| Untracked 
|  63|0x0000000094f00000, 0x0000000094f00000, 0x0000000095000000|  0%| F|  |TAMS 0x0000000094f00000, 0x0000000094f00000| Untracked 
|  64|0x0000000095000000, 0x0000000095000000, 0x0000000095100000|  0%| F|  |TAMS 0x0000000095000000, 0x0000000095000000| Untracked 
|  65|0x0000000095100000, 0x0000000095100000, 0x0000000095200000|  0%| F|  |TAMS 0x0000000095100000, 0x0000000095100000| Untracked 
|  66|0x0000000095200000, 0x0000000095200000, 0x0000000095300000|  0%| F|  |TAMS 0x0000000095200000, 0x0000000095200000| Untracked 
|  67|0x0000000095300000, 0x0000000095300000, 0x0000000095400000|  0%| F|  |TAMS 0x0000000095300000, 0x0000000095300000| Untracked 
|  68|0x0000000095400000, 0x0000000095400000, 0x0000000095500000|  0%| F|  |TAMS 0x0000000095400000, 0x0000000095400000| Untracked 
|  69|0x0000000095500000, 0x0000000095500000, 0x0000000095600000|  0%| F|  |TAMS 0x0000000095500000, 0x0000000095500000| Untracked 
|  70|0x0000000095600000, 0x0000000095600000, 0x0000000095700000|  0%| F|  |TAMS 0x0000000095600000, 0x0000000095600000| Untracked 
|  71|0x0000000095700000, 0x0000000095700000, 0x0000000095800000|  0%| F|  |TAMS 0x0000000095700000, 0x0000000095700000| Untracked 
|  72|0x0000000095800000, 0x0000000095800000, 0x0000000095900000|  0%| F|  |TAMS 0x0000000095800000, 0x0000000095800000| Untracked 
|  73|0x0000000095900000, 0x0000000095900000, 0x0000000095a00000|  0%| F|  |TAMS 0x0000000095900000, 0x0000000095900000| Untracked 
|  74|0x0000000095a00000, 0x0000000095a00000, 0x0000000095b00000|  0%| F|  |TAMS 0x0000000095a00000, 0x0000000095a00000| Untracked 
|  75|0x0000000095b00000, 0x0000000095b00000, 0x0000000095c00000|  0%| F|  |TAMS 0x0000000095b00000, 0x0000000095b00000| Untracked 
|  76|0x0000000095c00000, 0x0000000095c00000, 0x0000000095d00000|  0%| F|  |TAMS 0x0000000095c00000, 0x0000000095c00000| Untracked 
|  77|0x0000000095d00000, 0x0000000095d00000, 0x0000000095e00000|  0%| F|  |TAMS 0x0000000095d00000, 0x0000000095d00000| Untracked 
|  78|0x0000000095e00000, 0x0000000095e00000, 0x0000000095f00000|  0%| F|  |TAMS 0x0000000095e00000, 0x0000000095e00000| Untracked 
|  79|0x0000000095f00000, 0x0000000095f00000, 0x0000000096000000|  0%| F|  |TAMS 0x0000000095f00000, 0x0000000095f00000| Untracked 
|  80|0x0000000096000000, 0x0000000096000000, 0x0000000096100000|  0%| F|  |TAMS 0x0000000096000000, 0x0000000096000000| Untracked 
|  81|0x0000000096100000, 0x0000000096100000, 0x0000000096200000|  0%| F|  |TAMS 0x0000000096100000, 0x0000000096100000| Untracked 
|  82|0x0000000096200000, 0x0000000096200000, 0x0000000096300000|  0%| F|  |TAMS 0x0000000096200000, 0x0000000096200000| Untracked 
|  83|0x0000000096300000, 0x0000000096300000, 0x0000000096400000|  0%| F|  |TAMS 0x0000000096300000, 0x0000000096300000| Untracked 
|  84|0x0000000096400000, 0x0000000096400000, 0x0000000096500000|  0%| F|  |TAMS 0x0000000096400000, 0x0000000096400000| Untracked 
|  85|0x0000000096500000, 0x0000000096500000, 0x0000000096600000|  0%| F|  |TAMS 0x0000000096500000, 0x0000000096500000| Untracked 
|  86|0x0000000096600000, 0x0000000096600000, 0x0000000096700000|  0%| F|  |TAMS 0x0000000096600000, 0x0000000096600000| Untracked 
|  87|0x0000000096700000, 0x0000000096700000, 0x0000000096800000|  0%| F|  |TAMS 0x0000000096700000, 0x0000000096700000| Untracked 
|  88|0x0000000096800000, 0x0000000096800000, 0x0000000096900000|  0%| F|  |TAMS 0x0000000096800000, 0x0000000096800000| Untracked 
|  89|0x0000000096900000, 0x0000000096900000, 0x0000000096a00000|  0%| F|  |TAMS 0x0000000096900000, 0x0000000096900000| Untracked 
|  90|0x0000000096a00000, 0x0000000096a00000, 0x0000000096b00000|  0%| F|  |TAMS 0x0000000096a00000, 0x0000000096a00000| Untracked 
|  91|0x0000000096b00000, 0x0000000096b73bc8, 0x0000000096c00000| 45%| E|  |TAMS 0x0000000096b00000, 0x0000000096b00000| Complete 
|  92|0x0000000096c00000, 0x0000000096d00000, 0x0000000096d00000|100%| E|CS|TAMS 0x0000000096c00000, 0x0000000096c00000| Complete 
|  93|0x0000000096d00000, 0x0000000096e00000, 0x0000000096e00000|100%| E|  |TAMS 0x0000000096d00000, 0x0000000096d00000| Complete 
|  94|0x0000000096e00000, 0x0000000096f00000, 0x0000000096f00000|100%| E|CS|TAMS 0x0000000096e00000, 0x0000000096e00000| Complete 
|  95|0x0000000096f00000, 0x0000000097000000, 0x0000000097000000|100%| E|CS|TAMS 0x0000000096f00000, 0x0000000096f00000| Complete 
|  96|0x0000000097000000, 0x0000000097100000, 0x0000000097100000|100%| E|CS|TAMS 0x0000000097000000, 0x0000000097000000| Complete 
|  97|0x0000000097100000, 0x0000000097200000, 0x0000000097200000|100%| E|CS|TAMS 0x0000000097100000, 0x0000000097100000| Complete 
|  98|0x0000000097200000, 0x0000000097300000, 0x0000000097300000|100%| E|CS|TAMS 0x0000000097200000, 0x0000000097200000| Complete 
|  99|0x0000000097300000, 0x0000000097400000, 0x0000000097400000|100%| E|CS|TAMS 0x0000000097300000, 0x0000000097300000| Complete 
| 100|0x0000000097400000, 0x0000000097500000, 0x0000000097500000|100%| E|CS|TAMS 0x0000000097400000, 0x0000000097400000| Complete 
| 101|0x0000000097500000, 0x0000000097600000, 0x0000000097600000|100%| E|CS|TAMS 0x0000000097500000, 0x0000000097500000| Complete 
| 102|0x0000000097600000, 0x0000000097700000, 0x0000000097700000|100%| E|CS|TAMS 0x0000000097600000, 0x0000000097600000| Complete 
| 103|0x0000000097700000, 0x0000000097797068, 0x0000000097800000| 58%| S|CS|TAMS 0x0000000097700000, 0x0000000097700000| Complete 
| 104|0x0000000097800000, 0x0000000097900000, 0x0000000097900000|100%| S|CS|TAMS 0x0000000097800000, 0x0000000097800000| Complete 
| 105|0x0000000097900000, 0x0000000097a00000, 0x0000000097a00000|100%| S|CS|TAMS 0x0000000097900000, 0x0000000097900000| Complete 
| 106|0x0000000097a00000, 0x0000000097b00000, 0x0000000097b00000|100%| S|CS|TAMS 0x0000000097a00000, 0x0000000097a00000| Complete 
| 107|0x0000000097b00000, 0x0000000097c00000, 0x0000000097c00000|100%| E|CS|TAMS 0x0000000097b00000, 0x0000000097b00000| Complete 
| 108|0x0000000097c00000, 0x0000000097d00000, 0x0000000097d00000|100%| E|CS|TAMS 0x0000000097c00000, 0x0000000097c00000| Complete 
| 109|0x0000000097d00000, 0x0000000097e00000, 0x0000000097e00000|100%| E|CS|TAMS 0x0000000097d00000, 0x0000000097d00000| Complete 
| 110|0x0000000097e00000, 0x0000000097f00000, 0x0000000097f00000|100%| E|CS|TAMS 0x0000000097e00000, 0x0000000097e00000| Complete 
| 111|0x0000000097f00000, 0x0000000098000000, 0x0000000098000000|100%| E|CS|TAMS 0x0000000097f00000, 0x0000000097f00000| Complete 

Card table byte_map: [0x00000219fbb10000,0x00000219fbe90000] _byte_map_base: 0x00000219fb688000

Marking Bits (Prev, Next): (CMBitMap*) 0x00000219f1e95f00, (CMBitMap*) 0x00000219f1e95ec8
 Prev Bits: [0x00000219fddd0000, 0x00000219ff990000)
 Next Bits: [0x00000219fc210000, 0x00000219fddd0000)

Polling page: 0x00000219f1f40000

Metaspace:

Usage:
  Non-class:     19.77 MB capacity,    19.38 MB ( 98%) used,   317.39 KB (  2%) free+waste,    82.75 KB ( <1%) overhead. 
      Class:      3.13 MB capacity,     2.82 MB ( 90%) used,   270.45 KB (  8%) free+waste,    43.81 KB (  1%) overhead. 
       Both:     22.90 MB capacity,    22.20 MB ( 97%) used,   587.84 KB (  3%) free+waste,   126.56 KB ( <1%) overhead. 

Virtual space:
  Non-class space:       20.00 MB reserved,      20.00 MB (100%) committed 
      Class space:        1.00 GB reserved,       3.25 MB ( <1%) committed 
             Both:        1.02 GB reserved,      23.25 MB (  2%) committed 

Chunk freelists:
   Non-Class:  5.00 KB
       Class:  0 bytes
        Both:  5.00 KB

CodeHeap 'non-profiled nmethods': size=120000Kb used=1024Kb max_used=1024Kb free=118975Kb
 bounds [0x0000021987ad0000, 0x0000021987d40000, 0x000002198f000000]
CodeHeap 'profiled nmethods': size=120000Kb used=3767Kb max_used=3767Kb free=116232Kb
 bounds [0x00000219805a0000, 0x0000021980950000, 0x0000021987ad0000]
CodeHeap 'non-nmethods': size=5760Kb used=1412Kb max_used=1527Kb free=4347Kb
 bounds [0x0000021980000000, 0x0000021980270000, 0x00000219805a0000]
 total_blobs=2656 nmethods=1901 adapters=674
 compilation: enabled
              stopped_count=0, restarted_count=0
 full_count=0

Compilation events (10 events):
Event: 2.153 Thread 0x000002199202c000 nmethod 1814 0x0000021987bac690 code [0x0000021987bac820, 0x0000021987bac938]
Event: 2.153 Thread 0x000002199202c000 1688       4       java.util.ArrayList::elementData (7 bytes)
Event: 2.154 Thread 0x000002199202c000 nmethod 1688 0x0000021987baca10 code [0x0000021987bacb80, 0x0000021987bacc38]
Event: 2.154 Thread 0x000002199202c000 1600       4       java.lang.AbstractStringBuilder::<init> (39 bytes)
Event: 2.155 Thread 0x000002199202c000 nmethod 1600 0x0000021987bacd10 code [0x0000021987bacea0, 0x0000021987bad0d8]
Event: 2.155 Thread 0x000002199202c000 1694       4       java.lang.StringBuilder::<init> (7 bytes)
Event: 2.157 Thread 0x000002199202c000 nmethod 1694 0x0000021987bad190 code [0x0000021987bad320, 0x0000021987bad4d8]
Event: 2.157 Thread 0x000002199202c000 1621       4       java.lang.ref.Reference::<init> (25 bytes)
Event: 2.160 Thread 0x000002199202c000 nmethod 1621 0x0000021987bad590 code [0x0000021987bad700, 0x0000021987bad8f8]
Event: 2.160 Thread 0x000002199202c000 1599       4       java.util.ArrayList::get (15 bytes)

GC Heap History (6 events):
Event: 0.797 GC heap before
{Heap before GC invocations=0 (full 0):
 garbage-first heap   total 114688K, used 23552K [0x0000000091000000, 0x0000000100000000)
  region size 1024K, 24 young (24576K), 0 survivors (0K)
 Metaspace       used 12029K, capacity 12339K, committed 12544K, reserved 1060864K
  class space    used 1150K, capacity 1268K, committed 1280K, reserved 1048576K
}
Event: 0.805 GC heap after
{Heap after GC invocations=1 (full 0):
 garbage-first heap   total 114688K, used 3444K [0x0000000091000000, 0x0000000100000000)
  region size 1024K, 3 young (3072K), 3 survivors (3072K)
 Metaspace       used 12029K, capacity 12339K, committed 12544K, reserved 1060864K
  class space    used 1150K, capacity 1268K, committed 1280K, reserved 1048576K
}
Event: 1.838 GC heap before
{Heap before GC invocations=1 (full 0):
 garbage-first heap   total 114688K, used 79220K [0x0000000091000000, 0x0000000100000000)
  region size 1024K, 67 young (68608K), 3 survivors (3072K)
 Metaspace       used 20019K, capacity 20584K, committed 20864K, reserved 1067008K
  class space    used 2377K, capacity 2596K, committed 2688K, reserved 1048576K
}
Event: 1.847 GC heap after
{Heap after GC invocations=2 (full 0):
 garbage-first heap   total 114688K, used 14841K [0x0000000091000000, 0x0000000100000000)
  region size 1024K, 7 young (7168K), 7 survivors (7168K)
 Metaspace       used 20019K, capacity 20584K, committed 20864K, reserved 1067008K
  class space    used 2377K, capacity 2596K, committed 2688K, reserved 1048576K
}
Event: 1.926 GC heap before
{Heap before GC invocations=2 (full 0):
 garbage-first heap   total 114688K, used 18937K [0x0000000091000000, 0x0000000100000000)
  region size 1024K, 12 young (12288K), 7 survivors (7168K)
 Metaspace       used 20621K, capacity 21231K, committed 21296K, reserved 1069056K
  class space    used 2514K, capacity 2792K, committed 2816K, reserved 1048576K
}
Event: 1.933 GC heap after
{Heap after GC invocations=3 (full 0):
 garbage-first heap   total 114688K, used 15065K [0x0000000091000000, 0x0000000100000000)
  region size 1024K, 4 young (4096K), 4 survivors (4096K)
 Metaspace       used 20621K, capacity 21231K, committed 21296K, reserved 1069056K
  class space    used 2514K, capacity 2792K, committed 2816K, reserved 1048576K
}

Deoptimization events (10 events):
Event: 1.383 Thread 0x0000021992558800 Uncommon trap: reason=unstable_if action=reinterpret pc=0x0000021987b0e054 method=java.util.HashMap.putVal(ILjava/lang/Object;Ljava/lang/Object;ZZ)Ljava/lang/Object; @ 162 c2
Event: 1.383 Thread 0x0000021992558800 Uncommon trap: reason=unstable_if action=reinterpret pc=0x0000021987b0b268 method=java.util.HashMap.putVal(ILjava/lang/Object;Ljava/lang/Object;ZZ)Ljava/lang/Object; @ 162 c2
Event: 1.527 Thread 0x0000021992558800 Uncommon trap: reason=unstable_if action=reinterpret pc=0x0000021987b7fd98 method=java.util.HashMap.hash(Ljava/lang/Object;)I @ 1 c2
Event: 1.558 Thread 0x0000021992558800 Uncommon trap: reason=unstable_if action=reinterpret pc=0x0000021987aeb21c method=java.util.HashMap.hash(Ljava/lang/Object;)I @ 1 c2
Event: 1.735 Thread 0x0000021992558800 Uncommon trap: reason=class_check action=maybe_recompile pc=0x0000021987ae00dc method=java.lang.String.equals(Ljava/lang/Object;)Z @ 8 c2
Event: 1.735 Thread 0x0000021992558800 Uncommon trap: reason=class_check action=maybe_recompile pc=0x0000021987ae00dc method=java.lang.String.equals(Ljava/lang/Object;)Z @ 8 c2
Event: 1.735 Thread 0x0000021992558800 Uncommon trap: reason=class_check action=maybe_recompile pc=0x0000021987ae00dc method=java.lang.String.equals(Ljava/lang/Object;)Z @ 8 c2
Event: 1.737 Thread 0x0000021992558800 Uncommon trap: reason=class_check action=maybe_recompile pc=0x0000021987ae00dc method=java.lang.String.equals(Ljava/lang/Object;)Z @ 8 c2
Event: 1.757 Thread 0x0000021992558800 Uncommon trap: reason=unstable_if action=reinterpret pc=0x0000021987ad49f0 method=java.lang.String.isLatin1()Z @ 10 c2
Event: 2.048 Thread 0x0000021992558800 Uncommon trap: reason=unstable_if action=reinterpret pc=0x0000021987b48a60 method=java.util.Objects.equals(Ljava/lang/Object;Ljava/lang/Object;)Z @ 6 c2

Classes redefined (0 events):
No events

Internal exceptions (10 events):
Event: 1.791 Thread 0x0000021992558800 Exception <a 'java/lang/NoSuchMethodError'{0x00000000940c1978}: java.lang.invoke.DirectMethodHandle$Holder.invokeInterface(Ljava/lang/Object;Ljava/lang/Object;Ljava/lang/Object;)Ljava/lang/Object;> (0x00000000940c1978) thrown at [./open/src/hotspot/share/
Event: 1.791 Thread 0x0000021992558800 Exception <a 'java/lang/IncompatibleClassChangeError'{0x00000000940c4b30}: Found class java.lang.Object, but interface was expected> (0x00000000940c4b30) thrown at [./open/src/hotspot/share/interpreter/linkResolver.cpp, line 838]
Event: 1.874 Thread 0x0000021992558800 Exception <a 'java/lang/ClassNotFoundException'{0x0000000097d92868}: com/sun/javafx/scene/control/skin/resources/controls> (0x0000000097d92868) thrown at [./open/src/hotspot/share/prims/jni.cpp, line 632]
Event: 1.876 Thread 0x0000021992558800 Exception <a 'java/lang/ClassNotFoundException'{0x0000000097da0860}: com/sun/javafx/scene/control/skin/resources/controls_en> (0x0000000097da0860) thrown at [./open/src/hotspot/share/prims/jni.cpp, line 632]
Event: 1.876 Thread 0x0000021992558800 Exception <a 'java/lang/ClassNotFoundException'{0x0000000097da2350}: com/sun/javafx/scene/control/skin/resources/controls_en_ID> (0x0000000097da2350) thrown at [./open/src/hotspot/share/prims/jni.cpp, line 632]
Event: 1.947 Thread 0x0000021992558800 Exception <a 'java/lang/NoSuchMethodError'{0x0000000097f52118}: java.lang.invoke.DirectMethodHandle$Holder.invokeSpecial(Ljava/lang/Object;Ljava/lang/Object;Ljava/lang/Object;Ljava/lang/Object;Ljava/lang/Object;Ljava/lang/Object;)V> (0x0000000097f52118) t
Event: 2.091 Thread 0x000002199252f800 Exception <a 'java/lang/NoSuchMethodError'{0x00000000972c8940}: java.lang.invoke.DirectMethodHandle$Holder.invokeStaticInit(Ljava/lang/Object;Ljava/lang/Object;)I> (0x00000000972c8940) thrown at [./open/src/hotspot/share/interpreter/linkResolver.cpp, line
Event: 2.101 Thread 0x0000021992558800 Exception <a 'java/lang/NoSuchMethodError'{0x0000000097153c10}: java.lang.invoke.DirectMethodHandle$Holder.invokeStaticInit(Ljava/lang/Object;Ljava/lang/Object;Ljava/lang/Object;)J> (0x0000000097153c10) thrown at [./open/src/hotspot/share/interpreter/link
Event: 2.105 Thread 0x0000021992558800 Exception <a 'java/lang/NoSuchMethodError'{0x000000009716c250}: java.lang.invoke.DirectMethodHandle$Holder.invokeStatic(Ljava/lang/Object;Ljava/lang/Object;J)Ljava/lang/Object;> (0x000000009716c250) thrown at [./open/src/hotspot/share/interpreter/linkReso
Event: 2.106 Thread 0x0000021992558800 Exception <a 'java/lang/NoSuchMethodError'{0x00000000971723c8}: java.lang.invoke.Invokers$Holder.linkToTargetMethod(Ljava/lang/Object;JLjava/lang/Object;)Ljava/lang/Object;> (0x00000000971723c8) thrown at [./open/src/hotspot/share/interpreter/linkResolver

Events (10 events):
Event: 2.113 loading class java/nio/DirectByteBuffer$Deallocator
Event: 2.113 loading class java/nio/DirectByteBuffer$Deallocator done
Event: 2.124 Executing VM operation: RevokeBias
Event: 2.124 Executing VM operation: RevokeBias done
Event: 2.130 loading class java/nio/ShortBuffer
Event: 2.131 loading class java/nio/ShortBuffer done
Event: 2.131 loading class java/nio/DoubleBuffer
Event: 2.131 loading class java/nio/DoubleBuffer done
Event: 2.131 loading class java/nio/DirectFloatBufferU
Event: 2.131 loading class java/nio/DirectFloatBufferU done


Dynamic libraries:
0x00007ff764380000 - 0x00007ff764390000 	C:\Program Files\Java\jdk-11\bin\javaw.exe
0x00007ff8424d0000 - 0x00007ff8426c8000 	C:\WINDOWS\SYSTEM32\ntdll.dll
0x00007ff8415d0000 - 0x00007ff84168f000 	C:\WINDOWS\System32\KERNEL32.DLL
0x00007ff8401c0000 - 0x00007ff840492000 	C:\WINDOWS\System32\KERNELBASE.dll
0x00007ff840030000 - 0x00007ff840130000 	C:\WINDOWS\System32\ucrtbase.dll
0x00007ff8382f0000 - 0x00007ff838308000 	C:\Program Files\Java\jdk-11\bin\jli.dll
0x00007ff8278e0000 - 0x00007ff8278fb000 	C:\Program Files\Java\jdk-11\bin\VCRUNTIME140.dll
0x00007ff842310000 - 0x00007ff8423be000 	C:\WINDOWS\System32\ADVAPI32.dll
0x00007ff8412f0000 - 0x00007ff84138e000 	C:\WINDOWS\System32\msvcrt.dll
0x00007ff8421d0000 - 0x00007ff84226c000 	C:\WINDOWS\System32\sechost.dll
0x00007ff841150000 - 0x00007ff841275000 	C:\WINDOWS\System32\RPCRT4.dll
0x00007ff840ad0000 - 0x00007ff840c71000 	C:\WINDOWS\System32\USER32.dll
0x00007ff83fbc0000 - 0x00007ff83fbe2000 	C:\WINDOWS\System32\win32u.dll
0x00007ff8297e0000 - 0x00007ff829a7a000 	C:\WINDOWS\WinSxS\amd64_microsoft.windows.common-controls_6595b64144ccf1df_6.0.19041.1110_none_60b5254171f9507e\COMCTL32.dll
0x00007ff841120000 - 0x00007ff84114b000 	C:\WINDOWS\System32\GDI32.dll
0x00007ff83fe20000 - 0x00007ff83ff2f000 	C:\WINDOWS\System32\gdi32full.dll
0x00007ff83fc20000 - 0x00007ff83fcbd000 	C:\WINDOWS\System32\msvcp_win.dll
0x00007ff837730000 - 0x00007ff83773a000 	C:\WINDOWS\SYSTEM32\VERSION.dll
0x00007ff841470000 - 0x00007ff8414a2000 	C:\WINDOWS\System32\IMM32.DLL
0x00007ff838b50000 - 0x00007ff838b5c000 	C:\Program Files\Java\jdk-11\bin\vcruntime140_1.dll
0x00007fffff300000 - 0x00007fffff38e000 	C:\Program Files\Java\jdk-11\bin\msvcp140.dll
0x00007fffd63d0000 - 0x00007fffd6f38000 	C:\Program Files\Java\jdk-11\bin\server\jvm.dll
0x00007ff840510000 - 0x00007ff840518000 	C:\WINDOWS\System32\PSAPI.DLL
0x00007ff83d020000 - 0x00007ff83d047000 	C:\WINDOWS\SYSTEM32\WINMM.dll
0x00007ff83b120000 - 0x00007ff83b129000 	C:\WINDOWS\SYSTEM32\WSOCK32.dll
0x00007ff841400000 - 0x00007ff84146b000 	C:\WINDOWS\System32\WS2_32.dll
0x00007ff83e460000 - 0x00007ff83e472000 	C:\WINDOWS\SYSTEM32\kernel.appcore.dll
0x00007ff838190000 - 0x00007ff8381a0000 	C:\Program Files\Java\jdk-11\bin\verify.dll
0x00007ff83dec0000 - 0x00007ff83e0a4000 	C:\WINDOWS\SYSTEM32\DBGHELP.DLL
0x00007ff830650000 - 0x00007ff830685000 	C:\WINDOWS\SYSTEM32\dbgcore.DLL
0x00007ff840130000 - 0x00007ff8401b2000 	C:\WINDOWS\System32\bcryptPrimitives.dll
0x00007ff806920000 - 0x00007ff806948000 	C:\Program Files\Java\jdk-11\bin\java.dll
0x00007ff838130000 - 0x00007ff83813a000 	C:\Program Files\Java\jdk-11\bin\jimage.dll
0x00007fffff790000 - 0x00007fffff7c8000 	C:\Program Files\Java\jdk-11\bin\jdwp.dll
0x00007ff815680000 - 0x00007ff81568e000 	C:\Program Files\Java\jdk-11\bin\instrument.dll
0x00007ff806880000 - 0x00007ff806897000 	C:\Program Files\Java\jdk-11\bin\zip.dll
0x00007ff841690000 - 0x00007ff841dd4000 	C:\WINDOWS\System32\SHELL32.dll
0x00007ff83d650000 - 0x00007ff83dde2000 	C:\WINDOWS\SYSTEM32\windows.storage.dll
0x00007ff841e70000 - 0x00007ff8421c5000 	C:\WINDOWS\System32\combase.dll
0x00007ff83f540000 - 0x00007ff83f570000 	C:\WINDOWS\SYSTEM32\Wldp.dll
0x00007ff840e10000 - 0x00007ff840ebd000 	C:\WINDOWS\System32\SHCORE.dll
0x00007ff8413a0000 - 0x00007ff8413f5000 	C:\WINDOWS\System32\shlwapi.dll
0x00007ff83fb00000 - 0x00007ff83fb1f000 	C:\WINDOWS\SYSTEM32\profapi.dll
0x00007ff805840000 - 0x00007ff805859000 	C:\Program Files\Java\jdk-11\bin\net.dll
0x00007ff837a60000 - 0x00007ff837b6c000 	C:\WINDOWS\SYSTEM32\WINHTTP.dll
0x00007ff83f2a0000 - 0x00007ff83f30a000 	C:\WINDOWS\system32\mswsock.dll
0x00007ff805480000 - 0x00007ff805492000 	C:\Program Files\Java\jdk-11\bin\nio.dll
0x00007ff8155c0000 - 0x00007ff8155cb000 	C:\Program Files\Java\jdk-11\bin\dt_socket.dll
0x00007ff83efd0000 - 0x00007ff83f09a000 	C:\WINDOWS\SYSTEM32\DNSAPI.dll
0x00007ff83ef90000 - 0x00007ff83efcb000 	C:\WINDOWS\SYSTEM32\IPHLPAPI.DLL
0x00007ff8412e0000 - 0x00007ff8412e8000 	C:\WINDOWS\System32\NSI.dll
0x00007ff8314e0000 - 0x00007ff831560000 	C:\WINDOWS\System32\fwpuclnt.dll
0x00007ff83fbf0000 - 0x00007ff83fc17000 	C:\WINDOWS\System32\bcrypt.dll
0x00007ff830820000 - 0x00007ff83082a000 	C:\Windows\System32\rasadhlp.dll
0x0000021993f40000 - 0x0000021993f43000 	D:\Binus\MPF Lab\openjfx-17.0.7_windows-x64_bin-sdk\javafx-sdk-17.0.7\bin\api-ms-win-core-console-l1-1-0.dll
0x0000021993f50000 - 0x0000021993f53000 	D:\Binus\MPF Lab\openjfx-17.0.7_windows-x64_bin-sdk\javafx-sdk-17.0.7\bin\api-ms-win-core-console-l1-2-0.dll
0x0000021993f60000 - 0x0000021993f63000 	D:\Binus\MPF Lab\openjfx-17.0.7_windows-x64_bin-sdk\javafx-sdk-17.0.7\bin\api-ms-win-core-datetime-l1-1-0.dll
0x0000021993f70000 - 0x0000021993f73000 	D:\Binus\MPF Lab\openjfx-17.0.7_windows-x64_bin-sdk\javafx-sdk-17.0.7\bin\api-ms-win-core-debug-l1-1-0.dll
0x0000021993f80000 - 0x0000021993f83000 	D:\Binus\MPF Lab\openjfx-17.0.7_windows-x64_bin-sdk\javafx-sdk-17.0.7\bin\api-ms-win-core-errorhandling-l1-1-0.dll
0x0000021993f90000 - 0x0000021993f94000 	D:\Binus\MPF Lab\openjfx-17.0.7_windows-x64_bin-sdk\javafx-sdk-17.0.7\bin\api-ms-win-core-file-l1-1-0.dll
0x0000021993fa0000 - 0x0000021993fa3000 	D:\Binus\MPF Lab\openjfx-17.0.7_windows-x64_bin-sdk\javafx-sdk-17.0.7\bin\api-ms-win-core-file-l1-2-0.dll
0x00000219941b0000 - 0x00000219941b3000 	D:\Binus\MPF Lab\openjfx-17.0.7_windows-x64_bin-sdk\javafx-sdk-17.0.7\bin\api-ms-win-core-file-l2-1-0.dll
0x00000219941c0000 - 0x00000219941c3000 	D:\Binus\MPF Lab\openjfx-17.0.7_windows-x64_bin-sdk\javafx-sdk-17.0.7\bin\api-ms-win-core-handle-l1-1-0.dll
0x00000219941d0000 - 0x00000219941d3000 	D:\Binus\MPF Lab\openjfx-17.0.7_windows-x64_bin-sdk\javafx-sdk-17.0.7\bin\api-ms-win-core-heap-l1-1-0.dll
0x00000219941e0000 - 0x00000219941e3000 	D:\Binus\MPF Lab\openjfx-17.0.7_windows-x64_bin-sdk\javafx-sdk-17.0.7\bin\api-ms-win-core-interlocked-l1-1-0.dll
0x00000219941f0000 - 0x00000219941f3000 	D:\Binus\MPF Lab\openjfx-17.0.7_windows-x64_bin-sdk\javafx-sdk-17.0.7\bin\api-ms-win-core-libraryloader-l1-1-0.dll
0x0000021994200000 - 0x0000021994203000 	D:\Binus\MPF Lab\openjfx-17.0.7_windows-x64_bin-sdk\javafx-sdk-17.0.7\bin\api-ms-win-core-localization-l1-2-0.dll
0x0000021994210000 - 0x0000021994213000 	D:\Binus\MPF Lab\openjfx-17.0.7_windows-x64_bin-sdk\javafx-sdk-17.0.7\bin\api-ms-win-core-memory-l1-1-0.dll
0x0000021994220000 - 0x0000021994223000 	D:\Binus\MPF Lab\openjfx-17.0.7_windows-x64_bin-sdk\javafx-sdk-17.0.7\bin\api-ms-win-core-namedpipe-l1-1-0.dll
0x0000021994230000 - 0x0000021994233000 	D:\Binus\MPF Lab\openjfx-17.0.7_windows-x64_bin-sdk\javafx-sdk-17.0.7\bin\api-ms-win-core-processenvironment-l1-1-0.dll
0x0000021994240000 - 0x0000021994243000 	D:\Binus\MPF Lab\openjfx-17.0.7_windows-x64_bin-sdk\javafx-sdk-17.0.7\bin\api-ms-win-core-processthreads-l1-1-0.dll
0x0000021994250000 - 0x0000021994253000 	D:\Binus\MPF Lab\openjfx-17.0.7_windows-x64_bin-sdk\javafx-sdk-17.0.7\bin\api-ms-win-core-processthreads-l1-1-1.dll
0x0000021994260000 - 0x0000021994263000 	D:\Binus\MPF Lab\openjfx-17.0.7_windows-x64_bin-sdk\javafx-sdk-17.0.7\bin\api-ms-win-core-profile-l1-1-0.dll
0x0000021994270000 - 0x0000021994273000 	D:\Binus\MPF Lab\openjfx-17.0.7_windows-x64_bin-sdk\javafx-sdk-17.0.7\bin\api-ms-win-core-rtlsupport-l1-1-0.dll
0x0000021994280000 - 0x0000021994283000 	D:\Binus\MPF Lab\openjfx-17.0.7_windows-x64_bin-sdk\javafx-sdk-17.0.7\bin\api-ms-win-core-string-l1-1-0.dll
0x0000021994290000 - 0x0000021994293000 	D:\Binus\MPF Lab\openjfx-17.0.7_windows-x64_bin-sdk\javafx-sdk-17.0.7\bin\api-ms-win-core-synch-l1-1-0.dll
0x00000219942a0000 - 0x00000219942a3000 	D:\Binus\MPF Lab\openjfx-17.0.7_windows-x64_bin-sdk\javafx-sdk-17.0.7\bin\api-ms-win-core-synch-l1-2-0.dll
0x00000219942b0000 - 0x00000219942b3000 	D:\Binus\MPF Lab\openjfx-17.0.7_windows-x64_bin-sdk\javafx-sdk-17.0.7\bin\api-ms-win-core-sysinfo-l1-1-0.dll
0x00000219942c0000 - 0x00000219942c3000 	D:\Binus\MPF Lab\openjfx-17.0.7_windows-x64_bin-sdk\javafx-sdk-17.0.7\bin\api-ms-win-core-timezone-l1-1-0.dll
0x00000219942d0000 - 0x00000219942d3000 	D:\Binus\MPF Lab\openjfx-17.0.7_windows-x64_bin-sdk\javafx-sdk-17.0.7\bin\api-ms-win-core-util-l1-1-0.dll
0x00000219942e0000 - 0x00000219942e3000 	D:\Binus\MPF Lab\openjfx-17.0.7_windows-x64_bin-sdk\javafx-sdk-17.0.7\bin\api-ms-win-crt-conio-l1-1-0.dll
0x00000219942f0000 - 0x00000219942f4000 	D:\Binus\MPF Lab\openjfx-17.0.7_windows-x64_bin-sdk\javafx-sdk-17.0.7\bin\api-ms-win-crt-convert-l1-1-0.dll
0x0000021994300000 - 0x0000021994303000 	D:\Binus\MPF Lab\openjfx-17.0.7_windows-x64_bin-sdk\javafx-sdk-17.0.7\bin\api-ms-win-crt-environment-l1-1-0.dll
0x0000021994310000 - 0x0000021994313000 	D:\Binus\MPF Lab\openjfx-17.0.7_windows-x64_bin-sdk\javafx-sdk-17.0.7\bin\api-ms-win-crt-filesystem-l1-1-0.dll
0x0000021994320000 - 0x0000021994323000 	D:\Binus\MPF Lab\openjfx-17.0.7_windows-x64_bin-sdk\javafx-sdk-17.0.7\bin\api-ms-win-crt-heap-l1-1-0.dll
0x0000021994330000 - 0x0000021994333000 	D:\Binus\MPF Lab\openjfx-17.0.7_windows-x64_bin-sdk\javafx-sdk-17.0.7\bin\api-ms-win-crt-locale-l1-1-0.dll
0x0000021994340000 - 0x0000021994345000 	D:\Binus\MPF Lab\openjfx-17.0.7_windows-x64_bin-sdk\javafx-sdk-17.0.7\bin\api-ms-win-crt-math-l1-1-0.dll
0x0000021994350000 - 0x0000021994355000 	D:\Binus\MPF Lab\openjfx-17.0.7_windows-x64_bin-sdk\javafx-sdk-17.0.7\bin\api-ms-win-crt-multibyte-l1-1-0.dll
0x0000021994360000 - 0x0000021994370000 	D:\Binus\MPF Lab\openjfx-17.0.7_windows-x64_bin-sdk\javafx-sdk-17.0.7\bin\api-ms-win-crt-private-l1-1-0.dll
0x0000021994370000 - 0x0000021994373000 	D:\Binus\MPF Lab\openjfx-17.0.7_windows-x64_bin-sdk\javafx-sdk-17.0.7\bin\api-ms-win-crt-process-l1-1-0.dll
0x0000021994380000 - 0x0000021994384000 	D:\Binus\MPF Lab\openjfx-17.0.7_windows-x64_bin-sdk\javafx-sdk-17.0.7\bin\api-ms-win-crt-runtime-l1-1-0.dll
0x0000021994390000 - 0x0000021994394000 	D:\Binus\MPF Lab\openjfx-17.0.7_windows-x64_bin-sdk\javafx-sdk-17.0.7\bin\api-ms-win-crt-stdio-l1-1-0.dll
0x00000219943a0000 - 0x00000219943a4000 	D:\Binus\MPF Lab\openjfx-17.0.7_windows-x64_bin-sdk\javafx-sdk-17.0.7\bin\api-ms-win-crt-string-l1-1-0.dll
0x00000219943b0000 - 0x00000219943b3000 	D:\Binus\MPF Lab\openjfx-17.0.7_windows-x64_bin-sdk\javafx-sdk-17.0.7\bin\api-ms-win-crt-time-l1-1-0.dll
0x00000219943c0000 - 0x00000219943c3000 	D:\Binus\MPF Lab\openjfx-17.0.7_windows-x64_bin-sdk\javafx-sdk-17.0.7\bin\api-ms-win-crt-utility-l1-1-0.dll
0x00007fffeb140000 - 0x00007fffeb23c000 	D:\Binus\MPF Lab\openjfx-17.0.7_windows-x64_bin-sdk\javafx-sdk-17.0.7\bin\ucrtbase.dll
0x00007ff8035b0000 - 0x00007ff8035cb000 	D:\Binus\MPF Lab\openjfx-17.0.7_windows-x64_bin-sdk\javafx-sdk-17.0.7\bin\vcruntime140.dll
0x00007ff816ba0000 - 0x00007ff816bac000 	D:\Binus\MPF Lab\openjfx-17.0.7_windows-x64_bin-sdk\javafx-sdk-17.0.7\bin\vcruntime140_1.dll
0x00007fffeaad0000 - 0x00007fffeab5e000 	D:\Binus\MPF Lab\openjfx-17.0.7_windows-x64_bin-sdk\javafx-sdk-17.0.7\bin\msvcp140.dll
0x00007ff816550000 - 0x00007ff816559000 	D:\Binus\MPF Lab\openjfx-17.0.7_windows-x64_bin-sdk\javafx-sdk-17.0.7\bin\msvcp140_1.dll
0x00007ff800950000 - 0x00007ff800980000 	D:\Binus\MPF Lab\openjfx-17.0.7_windows-x64_bin-sdk\javafx-sdk-17.0.7\bin\msvcp140_2.dll
0x00007fffff7d0000 - 0x00007fffff7fa000 	D:\Binus\MPF Lab\openjfx-17.0.7_windows-x64_bin-sdk\javafx-sdk-17.0.7\bin\prism_d3d.dll
0x00007ff806a70000 - 0x00007ff806c3e000 	C:\WINDOWS\system32\d3d9.dll
0x00007ff83d180000 - 0x00007ff83d1af000 	C:\WINDOWS\SYSTEM32\dwmapi.dll
0x00007ff83c430000 - 0x00007ff83c4ce000 	C:\WINDOWS\system32\uxtheme.dll
0x00007ff834cc0000 - 0x00007ff834e9d000 	C:\WINDOWS\System32\DriverStore\FileRepository\u0355756.inf_amd64_5146fc3a012e7afa\B354291\aticfx64.dll
0x00007ff8074b0000 - 0x00007ff8074e0000 	C:\WINDOWS\System32\DriverStore\FileRepository\u0355756.inf_amd64_5146fc3a012e7afa\B354291\atiu9p64.dll
0x00007ff804780000 - 0x00007ff80544b000 	C:\WINDOWS\System32\DriverStore\FileRepository\u0355756.inf_amd64_5146fc3a012e7afa\B354291\atiumd64.dll
0x00007ff840ce0000 - 0x00007ff840e0a000 	C:\WINDOWS\System32\ole32.dll
0x000000006fca0000 - 0x0000000070a23000 	C:\WINDOWS\System32\DriverStore\FileRepository\u0355756.inf_amd64_5146fc3a012e7afa\B354291\atiumd6a.dll
0x00007ff83fa30000 - 0x00007ff83fa7b000 	C:\WINDOWS\SYSTEM32\POWRPROF.dll
0x00007ff83fa10000 - 0x00007ff83fa22000 	C:\WINDOWS\SYSTEM32\UMPDC.dll
0x00007ffffa500000 - 0x00007ffffa542000 	D:\Binus\MPF Lab\openjfx-17.0.7_windows-x64_bin-sdk\javafx-sdk-17.0.7\bin\glass.dll
0x00007ff840520000 - 0x00007ff8405fa000 	C:\WINDOWS\System32\COMDLG32.dll
0x00007ff8423c0000 - 0x00007ff84248d000 	C:\WINDOWS\System32\OLEAUT32.dll
0x00007ff8001f0000 - 0x00007ff80024e000 	C:\Program Files\Huawei\PCManager\plugins\PerfWndMonModule.dll
0x00007ff8414b0000 - 0x00007ff8415c5000 	C:\WINDOWS\System32\MSCTF.dll
0x00007ff834ec0000 - 0x00007ff834efb000 	C:\WINDOWS\SYSTEM32\dxcore.dll
0x00007ff83ff30000 - 0x00007ff83ff7e000 	C:\WINDOWS\System32\cfgmgr32.dll
0x00007ffffacd0000 - 0x00007ffffacfd000 	D:\Binus\MPF Lab\openjfx-17.0.7_windows-x64_bin-sdk\javafx-sdk-17.0.7\bin\javafx_iio.dll
0x00007ff838600000 - 0x00007ff838614000 	D:\Binus\MPF Lab\openjfx-17.0.7_windows-x64_bin-sdk\javafx-sdk-17.0.7\bin\javafx_font.dll
0x00007ff83ca90000 - 0x00007ff83cd0f000 	C:\WINDOWS\SYSTEM32\dwrite.dll
0x00007ff840ec0000 - 0x00007ff840f6f000 	C:\WINDOWS\System32\clbcatq.dll
0x00007ff836db0000 - 0x00007ff836f64000 	C:\WINDOWS\SYSTEM32\WindowsCodecs.dll
0x00007ff8326e0000 - 0x00007ff83271e000 	C:\WINDOWS\system32\dataexchange.dll
0x00007ff83cda0000 - 0x00007ff83d003000 	C:\WINDOWS\system32\d3d11.dll
0x00007ff83b740000 - 0x00007ff83b923000 	C:\WINDOWS\system32\dcomp.dll
0x00007ff83e480000 - 0x00007ff83e573000 	C:\WINDOWS\system32\dxgi.dll

dbghelp: loaded successfully - version: 4.0.5 - missing functions: none
symbol engine: initialized successfully - sym options: 0x614 - pdb path: .;C:\Program Files\Java\jdk-11\bin;C:\WINDOWS\SYSTEM32;C:\WINDOWS\WinSxS\amd64_microsoft.windows.common-controls_6595b64144ccf1df_6.0.19041.1110_none_60b5254171f9507e;C:\Program Files\Java\jdk-11\bin\server;D:\Binus\MPF Lab\openjfx-17.0.7_windows-x64_bin-sdk\javafx-sdk-17.0.7\bin;C:\WINDOWS\System32\DriverStore\FileRepository\u0355756.inf_amd64_5146fc3a012e7afa\B354291;C:\Program Files\Huawei\PCManager\plugins;C:\Program Files\Common Files\Microsoft Shared\Ink

VM Arguments:
jvm_args: -agentlib:jdwp=transport=dt_socket,suspend=y,address=localhost:5234 --module-path=D:\Binus\MPF Lab\openjfx-17.0.7_windows-x64_bin-sdk\javafx-sdk-17.0.7\lib --add-modules=javafx.base,javafx.controls,javafx.media -javaagent:D:\balikin lagi\App\eclipse-java-2020-06-R-win32-x86_64\eclipse\configuration\org.eclipse.osgi\222\0\.cp\lib\javaagent-shaded.jar -Dfile.encoding=Cp1252 --module-path=D:\Binus\MPF Lab\openjfx-17.0.7_windows-x64_bin-sdk\javafx-sdk-17.0.7\lib\javafx.base.jar;D:\Binus\MPF Lab\openjfx-17.0.7_windows-x64_bin-sdk\javafx-sdk-17.0.7\lib\javafx.controls.jar;D:\Binus\MPF Lab\openjfx-17.0.7_windows-x64_bin-sdk\javafx-sdk-17.0.7\lib\javafx.fxml.jar;D:\Binus\MPF Lab\openjfx-17.0.7_windows-x64_bin-sdk\javafx-sdk-17.0.7\lib\javafx.graphics.jar;D:\Binus\MPF Lab\openjfx-17.0.7_windows-x64_bin-sdk\javafx-sdk-17.0.7\lib\javafx.media.jar;D:\Binus\MPF Lab\openjfx-17.0.7_windows-x64_bin-sdk\javafx-sdk-17.0.7\lib\javafx.swing.jar;D:\Binus\MPF Lab\openjfx-17.0.7_windows-x64_bin-sdk\javafx-sdk-17.0.7\lib\javafx.web.jar;D:\Binus\MPF Lab\openjfx-17.0.7_windows-x64_bin-sdk\javafx-sdk-17.0.7\lib\javafx-swt.jar 
java_command: ruindows.LoginPage
java_class_path (initial): D:\Binus\MPF Lab\EmilyWilkinson_2702305424_LionaLoren_2702306912_MPF_Project\bin
Launcher Type: SUN_STANDARD

[Global flags]
     intx CICompilerCount                          = 4                                         {product} {ergonomic}
     uint ConcGCThreads                            = 2                                         {product} {ergonomic}
     uint G1ConcRefinementThreads                  = 8                                         {product} {ergonomic}
   size_t G1HeapRegionSize                         = 1048576                                   {product} {ergonomic}
    uintx GCDrainStackTargetSize                   = 64                                        {product} {ergonomic}
   size_t InitialHeapSize                          = 117440512                                 {product} {ergonomic}
   size_t MarkStackSize                            = 4194304                                   {product} {ergonomic}
   size_t MaxHeapSize                              = 1862270976                                {product} {ergonomic}
   size_t MaxNewSize                               = 1116733440                                {product} {ergonomic}
   size_t MinHeapDeltaBytes                        = 1048576                                   {product} {ergonomic}
    uintx NonNMethodCodeHeapSize                   = 5836300                                {pd product} {ergonomic}
    uintx NonProfiledCodeHeapSize                  = 122910970                              {pd product} {ergonomic}
    uintx ProfiledCodeHeapSize                     = 122910970                              {pd product} {ergonomic}
    uintx ReservedCodeCacheSize                    = 251658240                              {pd product} {ergonomic}
     bool SegmentedCodeCache                       = true                                      {product} {ergonomic}
     bool UseCompressedClassPointers               = true                                 {lp64_product} {ergonomic}
     bool UseCompressedOops                        = true                                 {lp64_product} {ergonomic}
     bool UseG1GC                                  = true                                      {product} {ergonomic}
     bool UseLargePagesIndividualAllocation        = false                                  {pd product} {ergonomic}

Logging:
Log output configuration:
 #0: stdout all=warning uptime,level,tags
 #1: stderr all=off uptime,level,tags

Environment Variables:
PATH=C:/Program Files/Java/jre1.8.0_51/bin/server;C:/Program Files/Java/jre1.8.0_51/bin;C:/Program Files/Java/jre1.8.0_51/lib/amd64;C:\Program Files\Common Files\Oracle\Java\javapath;C:\ProgramData\Oracle\Java\javapath;C:\WINDOWS\system32;C:\WINDOWS;C:\WINDOWS\System32\Wbem;C:\WINDOWS\System32\WindowsPowerShell\v1.0\;C:\WINDOWS\System32\OpenSSH\;C:\xampp\php;C:\composer;D:\flutter_temp\flutter\bin;C:\Users\lolio\AppData\Local\Programs\Python\Python37\Scripts\;C:\Users\lolio\AppData\Local\Programs\Python\Python37\;C:\Users\lolio\AppData\Local\Microsoft\WindowsApps;C:\Users\lolio\AppData\Local\Programs\Microsoft VS Code\bin;C:\Users\lolio\AppData\Roaming\Composer\vendor\bin;D:\Anaconda;D:\Anaconda\Scripts;D:\Anaconda\Library\bin;;D:\balikin lagi\App\eclipse-java-2020-06-R-win32-x86_64\eclipse;
USERNAME=lolio
OS=Windows_NT
PROCESSOR_IDENTIFIER=AMD64 Family 23 Model 24 Stepping 1, AuthenticAMD



---------------  S Y S T E M  ---------------

OS: Windows 10 , 64 bit Build 19041 (10.0.19041.2364)

CPU:total 8 (initial active 8) (8 cores per cpu, 2 threads per core) family 23 model 24 stepping 1 microcode 0x0, cmov, cx8, fxsr, mmx, sse, sse2, sse3, ssse3, sse4.1, sse4.2, popcnt, avx, avx2, aes, clmul, mmxext, 3dnowpref, lzcnt, sse4a, ht, tsc, tscinvbit, tscinv, bmi1, bmi2, adx, s

Memory: 4k page, system-wide physical 7103M (1194M free)
TotalPageFile size 11063M (AvailPageFile size 20M)
current process WorkingSet (physical memory assigned to process): 293M, peak: 307M
current process commit charge ("private bytes"): 393M, peak: 410M

vm_info: Java HotSpot(TM) 64-Bit Server VM (11.0.18+9-LTS-195) for windows-amd64 JRE (11.0.18+9-LTS-195), built on Dec  6 2022 15:50:58 by "mach5one" with MS VC++ 17.1 (VS2022)

END.
