#
# There is insufficient memory for the Java Runtime Environment to continue.
# Native memory allocation (malloc) failed to allocate 485616 bytes for Chunk::new
# Possible reasons:
#   The system is out of physical RAM or swap space
#   The process is running with CompressedOops enabled, and the Java Heap may be blocking the growth of the native heap
# Possible solutions:
#   Reduce memory load on the system
#   Increase physical memory or swap space
#   Check if swap backing store is full
#   Decrease Java heap size (-Xmx/-Xms)
#   Decrease number of Java threads
#   Decrease Java thread stack sizes (-Xss)
#   Set larger code cache with -XX:ReservedCodeCacheSize=
#   JVM is running with Unscaled Compressed Oops mode in which the Java heap is
#     placed in the first 4GB address space. The Java Heap base address is the
#     maximum limit for the native heap growth. Please use -XX:HeapBaseMinAddress
#     to set the Java Heap base and to place the Java Heap above 4GB virtual address.
# This output file may be truncated or incomplete.
#
#  Out of Memory Error (./open/src/hotspot/share/memory/arena.cpp:197), pid=1948, tid=14496
#
# JRE version: Java(TM) SE Runtime Environment 18.9 (11.0.18+9) (build 11.0.18+9-LTS-195)
# Java VM: Java HotSpot(TM) 64-Bit Server VM 18.9 (11.0.18+9-LTS-195, mixed mode, tiered, compressed oops, g1 gc, windows-amd64)
# No core dump will be written. Minidumps are not enabled by default on client versions of Windows
#

---------------  S U M M A R Y ------------

Command Line: -agentlib:jdwp=transport=dt_socket,suspend=y,address=localhost:5242 --module-path=D:\Binus\MPF Lab\openjfx-17.0.7_windows-x64_bin-sdk\javafx-sdk-17.0.7\lib --add-modules=javafx.base,javafx.controls,javafx.media -javaagent:D:\balikin lagi\App\eclipse-java-2020-06-R-win32-x86_64\eclipse\configuration\org.eclipse.osgi\222\0\.cp\lib\javaagent-shaded.jar -Dfile.encoding=Cp1252 --module-path=D:\Binus\MPF Lab\openjfx-17.0.7_windows-x64_bin-sdk\javafx-sdk-17.0.7\lib\javafx.base.jar;D:\Binus\MPF Lab\openjfx-17.0.7_windows-x64_bin-sdk\javafx-sdk-17.0.7\lib\javafx.controls.jar;D:\Binus\MPF Lab\openjfx-17.0.7_windows-x64_bin-sdk\javafx-sdk-17.0.7\lib\javafx.fxml.jar;D:\Binus\MPF Lab\openjfx-17.0.7_windows-x64_bin-sdk\javafx-sdk-17.0.7\lib\javafx.graphics.jar;D:\Binus\MPF Lab\openjfx-17.0.7_windows-x64_bin-sdk\javafx-sdk-17.0.7\lib\javafx.media.jar;D:\Binus\MPF Lab\openjfx-17.0.7_windows-x64_bin-sdk\javafx-sdk-17.0.7\lib\javafx.swing.jar;D:\Binus\MPF Lab\openjfx-17.0.7_windows-x64_bin-sdk\javafx-sdk-17.0.7\lib\javafx.web.jar;D:\Binus\MPF Lab\openjfx-17.0.7_windows-x64_bin-sdk\javafx-sdk-17.0.7\lib\javafx-swt.jar ruindows.LoginPage

Host: AMD Ryzen 5 3500U with Radeon Vega Mobile Gfx  , 8 cores, 6G,  Windows 10 , 64 bit Build 19041 (10.0.19041.2364)
Time: Wed May 28 14:16:28 2025 SE Asia Standard Time elapsed time: 0.833630 seconds (0d 0h 0m 0s)

---------------  T H R E A D  ---------------

Current thread (0x000001f27fcab000):  JavaThread "C2 CompilerThread0" daemon [_thread_in_native, id=14496, stack(0x00000039ffd00000,0x00000039ffe00000)]


Current CompileTask:
C2:    833 1104       4       jdk.internal.org.objectweb.asm.Frame::execute (2264 bytes)

Stack: [0x00000039ffd00000,0x00000039ffe00000]
Native frames: (J=compiled Java code, j=interpreted, Vv=VM code, C=native code)
V  [jvm.dll+0x65d8aa]
V  [jvm.dll+0x79fc1f]
V  [jvm.dll+0x7a12e9]
V  [jvm.dll+0x7a1983]
V  [jvm.dll+0x2585b5]
V  [jvm.dll+0xb284c]
V  [jvm.dll+0xb2e0c]
V  [jvm.dll+0x2c9c42]
V  [jvm.dll+0x56d7dc]
V  [jvm.dll+0x21a251]
V  [jvm.dll+0x213a35]
V  [jvm.dll+0x210264]
V  [jvm.dll+0x18c641]
V  [jvm.dll+0x220609]
V  [jvm.dll+0x21e92c]
V  [jvm.dll+0x763f61]
V  [jvm.dll+0x75c924]
V  [jvm.dll+0x65c755]
C  [ucrtbase.dll+0x21bb2]
C  [KERNEL32.DLL+0x17614]
C  [ntdll.dll+0x526a1]


---------------  P R O C E S S  ---------------

Threads class SMR info:
_java_thread_list=0x000001f21d8b6d70, length=17, elements={
0x000001f27e39e800, 0x000001f27fc5b000, 0x000001f27fc84800, 0x000001f27fc97800,
0x000001f27fc9a000, 0x000001f27fc9b000, 0x000001f27fcab000, 0x000001f27fcb1000,
0x000001f27fcbc000, 0x000001f21c719800, 0x000001f21c7a8800, 0x000001f21c774000,
0x000001f21c91d800, 0x000001f21c99a800, 0x000001f21c968800, 0x000001f21c993000,
0x000001f21d32e800
}

Java Threads: ( => current thread )
  0x000001f27e39e800 JavaThread "main" [_thread_in_native, id=1820, stack(0x00000039ff100000,0x00000039ff200000)]
  0x000001f27fc5b000 JavaThread "Reference Handler" daemon [_thread_blocked, id=14452, stack(0x00000039ff800000,0x00000039ff900000)]
  0x000001f27fc84800 JavaThread "Finalizer" daemon [_thread_blocked, id=9748, stack(0x00000039ff900000,0x00000039ffa00000)]
  0x000001f27fc97800 JavaThread "Signal Dispatcher" daemon [_thread_blocked, id=14948, stack(0x00000039ffa00000,0x00000039ffb00000)]
  0x000001f27fc9a000 JavaThread "Attach Listener" daemon [_thread_blocked, id=11364, stack(0x00000039ffb00000,0x00000039ffc00000)]
  0x000001f27fc9b000 JavaThread "Service Thread" daemon [_thread_blocked, id=8568, stack(0x00000039ffc00000,0x00000039ffd00000)]
=>0x000001f27fcab000 JavaThread "C2 CompilerThread0" daemon [_thread_in_native, id=14496, stack(0x00000039ffd00000,0x00000039ffe00000)]
  0x000001f27fcb1000 JavaThread "C1 CompilerThread0" daemon [_thread_in_native, id=2068, stack(0x00000039ffe00000,0x00000039fff00000)]
  0x000001f27fcbc000 JavaThread "Sweeper thread" daemon [_thread_blocked, id=14528, stack(0x00000039fff00000,0x0000003a00000000)]
  0x000001f21c719800 JavaThread "Common-Cleaner" daemon [_thread_blocked, id=8600, stack(0x0000003980000000,0x0000003980100000)]
  0x000001f21c7a8800 JavaThread "C2 CompilerThread1" daemon [_thread_blocked, id=19188, stack(0x0000003980100000,0x0000003980200000)]
  0x000001f21c774000 JavaThread "C2 CompilerThread2" daemon [_thread_blocked, id=13232, stack(0x0000003980200000,0x0000003980300000)]
  0x000001f21c91d800 JavaThread "JDWP Transport Listener: dt_socket" daemon [_thread_blocked, id=8404, stack(0x0000003980300000,0x0000003980400000)]
  0x000001f21c99a800 JavaThread "JDWP Event Helper Thread" daemon [_thread_blocked, id=13544, stack(0x0000003980400000,0x0000003980500000)]
  0x000001f21c968800 JavaThread "JDWP Command Reader" daemon [_thread_in_native, id=11764, stack(0x0000003980500000,0x0000003980600000)]
  0x000001f21c993000 JavaThread "QuantumRenderer-0" daemon [_thread_blocked, id=10216, stack(0x0000003980700000,0x0000003980800000)]
  0x000001f21d32e800 JavaThread "InvokeLaterDispatcher" daemon [_thread_blocked, id=3212, stack(0x0000003980900000,0x0000003980a00000)]

Other Threads:
  0x000001f27fc59000 VMThread "VM Thread" [stack: 0x00000039ff700000,0x00000039ff800000] [id=12844]
  0x000001f21d47e000 WatcherThread [stack: 0x0000003980600000,0x0000003980700000] [id=19940]
  0x000001f27e3b3000 GCTaskThread "GC Thread#0" [stack: 0x00000039ff200000,0x00000039ff300000] [id=23476]
  0x000001f21d91e800 GCTaskThread "GC Thread#1" [stack: 0x0000003980800000,0x0000003980900000] [id=5480]
  0x000001f27e3de800 ConcurrentGCThread "G1 Main Marker" [stack: 0x00000039ff300000,0x00000039ff400000] [id=13644]
  0x000001f27e3e1000 ConcurrentGCThread "G1 Conc#0" [stack: 0x00000039ff400000,0x00000039ff500000] [id=10188]
  0x000001f27e470000 ConcurrentGCThread "G1 Refine#0" [stack: 0x00000039ff500000,0x00000039ff600000] [id=10048]
  0x000001f27e471000 ConcurrentGCThread "G1 Young RemSet Sampling" [stack: 0x00000039ff600000,0x00000039ff700000] [id=17012]

Threads with active compile tasks:
C2 CompilerThread0      859 1104       4       jdk.internal.org.objectweb.asm.Frame::execute (2264 bytes)
C1 CompilerThread0      859 1142       3       jdk.internal.org.objectweb.asm.ClassWriter::toByteArray (1423 bytes)

VM state:not at safepoint (normal execution)

VM Mutex/Monitor currently owned by a thread: None

Heap address: 0x0000000091000000, size: 1776 MB, Compressed Oops mode: 32-bit
Narrow klass base: 0x0000000000000000, Narrow klass shift: 3
Compressed class space size: 1073741824 Address: 0x0000000100000000

Heap:
 garbage-first heap   total 114688K, used 4235K [0x0000000091000000, 0x0000000100000000)
  region size 1024K, 5 young (5120K), 3 survivors (3072K)
 Metaspace       used 12329K, capacity 12648K, committed 12928K, reserved 1060864K
  class space    used 1173K, capacity 1308K, committed 1408K, reserved 1048576K
Heap Regions: E=young(eden), S=young(survivor), O=old, HS=humongous(starts), HC=humongous(continues), CS=collection set, F=free, A=archive, TAMS=top-at-mark-start (previous, next)
|   0|0x0000000091000000, 0x0000000091022c00, 0x0000000091100000| 13%| O|  |TAMS 0x0000000091000000, 0x0000000091000000| Untracked 
|   1|0x0000000091100000, 0x0000000091100000, 0x0000000091200000|  0%| F|  |TAMS 0x0000000091100000, 0x0000000091100000| Untracked 
|   2|0x0000000091200000, 0x0000000091200000, 0x0000000091300000|  0%| F|  |TAMS 0x0000000091200000, 0x0000000091200000| Untracked 
|   3|0x0000000091300000, 0x0000000091300000, 0x0000000091400000|  0%| F|  |TAMS 0x0000000091300000, 0x0000000091300000| Untracked 
|   4|0x0000000091400000, 0x0000000091400000, 0x0000000091500000|  0%| F|  |TAMS 0x0000000091400000, 0x0000000091400000| Untracked 
|   5|0x0000000091500000, 0x0000000091500000, 0x0000000091600000|  0%| F|  |TAMS 0x0000000091500000, 0x0000000091500000| Untracked 
|   6|0x0000000091600000, 0x0000000091600000, 0x0000000091700000|  0%| F|  |TAMS 0x0000000091600000, 0x0000000091600000| Untracked 
|   7|0x0000000091700000, 0x0000000091700000, 0x0000000091800000|  0%| F|  |TAMS 0x0000000091700000, 0x0000000091700000| Untracked 
|   8|0x0000000091800000, 0x0000000091800000, 0x0000000091900000|  0%| F|  |TAMS 0x0000000091800000, 0x0000000091800000| Untracked 
|   9|0x0000000091900000, 0x0000000091900000, 0x0000000091a00000|  0%| F|  |TAMS 0x0000000091900000, 0x0000000091900000| Untracked 
|  10|0x0000000091a00000, 0x0000000091a00000, 0x0000000091b00000|  0%| F|  |TAMS 0x0000000091a00000, 0x0000000091a00000| Untracked 
|  11|0x0000000091b00000, 0x0000000091b00000, 0x0000000091c00000|  0%| F|  |TAMS 0x0000000091b00000, 0x0000000091b00000| Untracked 
|  12|0x0000000091c00000, 0x0000000091c00000, 0x0000000091d00000|  0%| F|  |TAMS 0x0000000091c00000, 0x0000000091c00000| Untracked 
|  13|0x0000000091d00000, 0x0000000091d00000, 0x0000000091e00000|  0%| F|  |TAMS 0x0000000091d00000, 0x0000000091d00000| Untracked 
|  14|0x0000000091e00000, 0x0000000091e00000, 0x0000000091f00000|  0%| F|  |TAMS 0x0000000091e00000, 0x0000000091e00000| Untracked 
|  15|0x0000000091f00000, 0x0000000091f00000, 0x0000000092000000|  0%| F|  |TAMS 0x0000000091f00000, 0x0000000091f00000| Untracked 
|  16|0x0000000092000000, 0x0000000092000000, 0x0000000092100000|  0%| F|  |TAMS 0x0000000092000000, 0x0000000092000000| Untracked 
|  17|0x0000000092100000, 0x0000000092100000, 0x0000000092200000|  0%| F|  |TAMS 0x0000000092100000, 0x0000000092100000| Untracked 
|  18|0x0000000092200000, 0x0000000092200000, 0x0000000092300000|  0%| F|  |TAMS 0x0000000092200000, 0x0000000092200000| Untracked 
|  19|0x0000000092300000, 0x0000000092300000, 0x0000000092400000|  0%| F|  |TAMS 0x0000000092300000, 0x0000000092300000| Untracked 
|  20|0x0000000092400000, 0x0000000092400000, 0x0000000092500000|  0%| F|  |TAMS 0x0000000092400000, 0x0000000092400000| Untracked 
|  21|0x0000000092500000, 0x0000000092500000, 0x0000000092600000|  0%| F|  |TAMS 0x0000000092500000, 0x0000000092500000| Untracked 
|  22|0x0000000092600000, 0x0000000092600000, 0x0000000092700000|  0%| F|  |TAMS 0x0000000092600000, 0x0000000092600000| Untracked 
|  23|0x0000000092700000, 0x0000000092700000, 0x0000000092800000|  0%| F|  |TAMS 0x0000000092700000, 0x0000000092700000| Untracked 
|  24|0x0000000092800000, 0x0000000092800000, 0x0000000092900000|  0%| F|  |TAMS 0x0000000092800000, 0x0000000092800000| Untracked 
|  25|0x0000000092900000, 0x0000000092900000, 0x0000000092a00000|  0%| F|  |TAMS 0x0000000092900000, 0x0000000092900000| Untracked 
|  26|0x0000000092a00000, 0x0000000092a00000, 0x0000000092b00000|  0%| F|  |TAMS 0x0000000092a00000, 0x0000000092a00000| Untracked 
|  27|0x0000000092b00000, 0x0000000092b00000, 0x0000000092c00000|  0%| F|  |TAMS 0x0000000092b00000, 0x0000000092b00000| Untracked 
|  28|0x0000000092c00000, 0x0000000092c00000, 0x0000000092d00000|  0%| F|  |TAMS 0x0000000092c00000, 0x0000000092c00000| Untracked 
|  29|0x0000000092d00000, 0x0000000092d00000, 0x0000000092e00000|  0%| F|  |TAMS 0x0000000092d00000, 0x0000000092d00000| Untracked 
|  30|0x0000000092e00000, 0x0000000092e00000, 0x0000000092f00000|  0%| F|  |TAMS 0x0000000092e00000, 0x0000000092e00000| Untracked 
|  31|0x0000000092f00000, 0x0000000092f00000, 0x0000000093000000|  0%| F|  |TAMS 0x0000000092f00000, 0x0000000092f00000| Untracked 
|  32|0x0000000093000000, 0x0000000093000000, 0x0000000093100000|  0%| F|  |TAMS 0x0000000093000000, 0x0000000093000000| Untracked 
|  33|0x0000000093100000, 0x0000000093100000, 0x0000000093200000|  0%| F|  |TAMS 0x0000000093100000, 0x0000000093100000| Untracked 
|  34|0x0000000093200000, 0x0000000093200000, 0x0000000093300000|  0%| F|  |TAMS 0x0000000093200000, 0x0000000093200000| Untracked 
|  35|0x0000000093300000, 0x0000000093300000, 0x0000000093400000|  0%| F|  |TAMS 0x0000000093300000, 0x0000000093300000| Untracked 
|  36|0x0000000093400000, 0x0000000093400000, 0x0000000093500000|  0%| F|  |TAMS 0x0000000093400000, 0x0000000093400000| Untracked 
|  37|0x0000000093500000, 0x0000000093500000, 0x0000000093600000|  0%| F|  |TAMS 0x0000000093500000, 0x0000000093500000| Untracked 
|  38|0x0000000093600000, 0x0000000093600000, 0x0000000093700000|  0%| F|  |TAMS 0x0000000093600000, 0x0000000093600000| Untracked 
|  39|0x0000000093700000, 0x0000000093700000, 0x0000000093800000|  0%| F|  |TAMS 0x0000000093700000, 0x0000000093700000| Untracked 
|  40|0x0000000093800000, 0x0000000093800000, 0x0000000093900000|  0%| F|  |TAMS 0x0000000093800000, 0x0000000093800000| Untracked 
|  41|0x0000000093900000, 0x0000000093900000, 0x0000000093a00000|  0%| F|  |TAMS 0x0000000093900000, 0x0000000093900000| Untracked 
|  42|0x0000000093a00000, 0x0000000093a00000, 0x0000000093b00000|  0%| F|  |TAMS 0x0000000093a00000, 0x0000000093a00000| Untracked 
|  43|0x0000000093b00000, 0x0000000093b00000, 0x0000000093c00000|  0%| F|  |TAMS 0x0000000093b00000, 0x0000000093b00000| Untracked 
|  44|0x0000000093c00000, 0x0000000093c00000, 0x0000000093d00000|  0%| F|  |TAMS 0x0000000093c00000, 0x0000000093c00000| Untracked 
|  45|0x0000000093d00000, 0x0000000093d00000, 0x0000000093e00000|  0%| F|  |TAMS 0x0000000093d00000, 0x0000000093d00000| Untracked 
|  46|0x0000000093e00000, 0x0000000093e00000, 0x0000000093f00000|  0%| F|  |TAMS 0x0000000093e00000, 0x0000000093e00000| Untracked 
|  47|0x0000000093f00000, 0x0000000093f00000, 0x0000000094000000|  0%| F|  |TAMS 0x0000000093f00000, 0x0000000093f00000| Untracked 
|  48|0x0000000094000000, 0x0000000094000000, 0x0000000094100000|  0%| F|  |TAMS 0x0000000094000000, 0x0000000094000000| Untracked 
|  49|0x0000000094100000, 0x0000000094100000, 0x0000000094200000|  0%| F|  |TAMS 0x0000000094100000, 0x0000000094100000| Untracked 
|  50|0x0000000094200000, 0x0000000094200000, 0x0000000094300000|  0%| F|  |TAMS 0x0000000094200000, 0x0000000094200000| Untracked 
|  51|0x0000000094300000, 0x0000000094300000, 0x0000000094400000|  0%| F|  |TAMS 0x0000000094300000, 0x0000000094300000| Untracked 
|  52|0x0000000094400000, 0x0000000094400000, 0x0000000094500000|  0%| F|  |TAMS 0x0000000094400000, 0x0000000094400000| Untracked 
|  53|0x0000000094500000, 0x0000000094500000, 0x0000000094600000|  0%| F|  |TAMS 0x0000000094500000, 0x0000000094500000| Untracked 
|  54|0x0000000094600000, 0x0000000094600000, 0x0000000094700000|  0%| F|  |TAMS 0x0000000094600000, 0x0000000094600000| Untracked 
|  55|0x0000000094700000, 0x0000000094700000, 0x0000000094800000|  0%| F|  |TAMS 0x0000000094700000, 0x0000000094700000| Untracked 
|  56|0x0000000094800000, 0x0000000094800000, 0x0000000094900000|  0%| F|  |TAMS 0x0000000094800000, 0x0000000094800000| Untracked 
|  57|0x0000000094900000, 0x0000000094900000, 0x0000000094a00000|  0%| F|  |TAMS 0x0000000094900000, 0x0000000094900000| Untracked 
|  58|0x0000000094a00000, 0x0000000094a00000, 0x0000000094b00000|  0%| F|  |TAMS 0x0000000094a00000, 0x0000000094a00000| Untracked 
|  59|0x0000000094b00000, 0x0000000094b00000, 0x0000000094c00000|  0%| F|  |TAMS 0x0000000094b00000, 0x0000000094b00000| Untracked 
|  60|0x0000000094c00000, 0x0000000094c00000, 0x0000000094d00000|  0%| F|  |TAMS 0x0000000094c00000, 0x0000000094c00000| Untracked 
|  61|0x0000000094d00000, 0x0000000094d00000, 0x0000000094e00000|  0%| F|  |TAMS 0x0000000094d00000, 0x0000000094d00000| Untracked 
|  62|0x0000000094e00000, 0x0000000094e00000, 0x0000000094f00000|  0%| F|  |TAMS 0x0000000094e00000, 0x0000000094e00000| Untracked 
|  63|0x0000000094f00000, 0x0000000094f00000, 0x0000000095000000|  0%| F|  |TAMS 0x0000000094f00000, 0x0000000094f00000| Untracked 
|  64|0x0000000095000000, 0x0000000095000000, 0x0000000095100000|  0%| F|  |TAMS 0x0000000095000000, 0x0000000095000000| Untracked 
|  65|0x0000000095100000, 0x0000000095100000, 0x0000000095200000|  0%| F|  |TAMS 0x0000000095100000, 0x0000000095100000| Untracked 
|  66|0x0000000095200000, 0x0000000095200000, 0x0000000095300000|  0%| F|  |TAMS 0x0000000095200000, 0x0000000095200000| Untracked 
|  67|0x0000000095300000, 0x0000000095300000, 0x0000000095400000|  0%| F|  |TAMS 0x0000000095300000, 0x0000000095300000| Untracked 
|  68|0x0000000095400000, 0x0000000095400000, 0x0000000095500000|  0%| F|  |TAMS 0x0000000095400000, 0x0000000095400000| Untracked 
|  69|0x0000000095500000, 0x0000000095500000, 0x0000000095600000|  0%| F|  |TAMS 0x0000000095500000, 0x0000000095500000| Untracked 
|  70|0x0000000095600000, 0x0000000095600000, 0x0000000095700000|  0%| F|  |TAMS 0x0000000095600000, 0x0000000095600000| Untracked 
|  71|0x0000000095700000, 0x0000000095700000, 0x0000000095800000|  0%| F|  |TAMS 0x0000000095700000, 0x0000000095700000| Untracked 
|  72|0x0000000095800000, 0x0000000095800000, 0x0000000095900000|  0%| F|  |TAMS 0x0000000095800000, 0x0000000095800000| Untracked 
|  73|0x0000000095900000, 0x0000000095900000, 0x0000000095a00000|  0%| F|  |TAMS 0x0000000095900000, 0x0000000095900000| Untracked 
|  74|0x0000000095a00000, 0x0000000095a00000, 0x0000000095b00000|  0%| F|  |TAMS 0x0000000095a00000, 0x0000000095a00000| Untracked 
|  75|0x0000000095b00000, 0x0000000095b00000, 0x0000000095c00000|  0%| F|  |TAMS 0x0000000095b00000, 0x0000000095b00000| Untracked 
|  76|0x0000000095c00000, 0x0000000095c00000, 0x0000000095d00000|  0%| F|  |TAMS 0x0000000095c00000, 0x0000000095c00000| Untracked 
|  77|0x0000000095d00000, 0x0000000095d00000, 0x0000000095e00000|  0%| F|  |TAMS 0x0000000095d00000, 0x0000000095d00000| Untracked 
|  78|0x0000000095e00000, 0x0000000095e00000, 0x0000000095f00000|  0%| F|  |TAMS 0x0000000095e00000, 0x0000000095e00000| Untracked 
|  79|0x0000000095f00000, 0x0000000095f00000, 0x0000000096000000|  0%| F|  |TAMS 0x0000000095f00000, 0x0000000095f00000| Untracked 
|  80|0x0000000096000000, 0x0000000096000000, 0x0000000096100000|  0%| F|  |TAMS 0x0000000096000000, 0x0000000096000000| Untracked 
|  81|0x0000000096100000, 0x0000000096100000, 0x0000000096200000|  0%| F|  |TAMS 0x0000000096100000, 0x0000000096100000| Untracked 
|  82|0x0000000096200000, 0x0000000096200000, 0x0000000096300000|  0%| F|  |TAMS 0x0000000096200000, 0x0000000096200000| Untracked 
|  83|0x0000000096300000, 0x0000000096300000, 0x0000000096400000|  0%| F|  |TAMS 0x0000000096300000, 0x0000000096300000| Untracked 
|  84|0x0000000096400000, 0x0000000096400000, 0x0000000096500000|  0%| F|  |TAMS 0x0000000096400000, 0x0000000096400000| Untracked 
|  85|0x0000000096500000, 0x0000000096600000, 0x0000000096600000|100%| S|CS|TAMS 0x0000000096500000, 0x0000000096500000| Complete 
|  86|0x0000000096600000, 0x0000000096700000, 0x0000000096700000|100%| S|CS|TAMS 0x0000000096600000, 0x0000000096600000| Complete 
|  87|0x0000000096700000, 0x0000000096800000, 0x0000000096800000|100%| S|CS|TAMS 0x0000000096700000, 0x0000000096700000| Complete 
|  88|0x0000000096800000, 0x0000000096800000, 0x0000000096900000|  0%| F|  |TAMS 0x0000000096800000, 0x0000000096800000| Untracked 
|  89|0x0000000096900000, 0x0000000096900000, 0x0000000096a00000|  0%| F|  |TAMS 0x0000000096900000, 0x0000000096900000| Untracked 
|  90|0x0000000096a00000, 0x0000000096a00000, 0x0000000096b00000|  0%| F|  |TAMS 0x0000000096a00000, 0x0000000096a00000| Untracked 
|  91|0x0000000096b00000, 0x0000000096b00000, 0x0000000096c00000|  0%| F|  |TAMS 0x0000000096b00000, 0x0000000096b00000| Untracked 
|  92|0x0000000096c00000, 0x0000000096c00000, 0x0000000096d00000|  0%| F|  |TAMS 0x0000000096c00000, 0x0000000096c00000| Untracked 
|  93|0x0000000096d00000, 0x0000000096d00000, 0x0000000096e00000|  0%| F|  |TAMS 0x0000000096d00000, 0x0000000096d00000| Untracked 
|  94|0x0000000096e00000, 0x0000000096e00000, 0x0000000096f00000|  0%| F|  |TAMS 0x0000000096e00000, 0x0000000096e00000| Untracked 
|  95|0x0000000096f00000, 0x0000000096f00000, 0x0000000097000000|  0%| F|  |TAMS 0x0000000096f00000, 0x0000000096f00000| Untracked 
|  96|0x0000000097000000, 0x0000000097000000, 0x0000000097100000|  0%| F|  |TAMS 0x0000000097000000, 0x0000000097000000| Untracked 
|  97|0x0000000097100000, 0x0000000097100000, 0x0000000097200000|  0%| F|  |TAMS 0x0000000097100000, 0x0000000097100000| Untracked 
|  98|0x0000000097200000, 0x0000000097200000, 0x0000000097300000|  0%| F|  |TAMS 0x0000000097200000, 0x0000000097200000| Untracked 
|  99|0x0000000097300000, 0x0000000097300000, 0x0000000097400000|  0%| F|  |TAMS 0x0000000097300000, 0x0000000097300000| Untracked 
| 100|0x0000000097400000, 0x0000000097400000, 0x0000000097500000|  0%| F|  |TAMS 0x0000000097400000, 0x0000000097400000| Untracked 
| 101|0x0000000097500000, 0x0000000097500000, 0x0000000097600000|  0%| F|  |TAMS 0x0000000097500000, 0x0000000097500000| Untracked 
| 102|0x0000000097600000, 0x0000000097600000, 0x0000000097700000|  0%| F|  |TAMS 0x0000000097600000, 0x0000000097600000| Untracked 
| 103|0x0000000097700000, 0x0000000097700000, 0x0000000097800000|  0%| F|  |TAMS 0x0000000097700000, 0x0000000097700000| Untracked 
| 104|0x0000000097800000, 0x0000000097800000, 0x0000000097900000|  0%| F|  |TAMS 0x0000000097800000, 0x0000000097800000| Untracked 
| 105|0x0000000097900000, 0x0000000097900000, 0x0000000097a00000|  0%| F|  |TAMS 0x0000000097900000, 0x0000000097900000| Untracked 
| 106|0x0000000097a00000, 0x0000000097a00000, 0x0000000097b00000|  0%| F|  |TAMS 0x0000000097a00000, 0x0000000097a00000| Untracked 
| 107|0x0000000097b00000, 0x0000000097b00000, 0x0000000097c00000|  0%| F|  |TAMS 0x0000000097b00000, 0x0000000097b00000| Untracked 
| 108|0x0000000097c00000, 0x0000000097c00000, 0x0000000097d00000|  0%| F|  |TAMS 0x0000000097c00000, 0x0000000097c00000| Untracked 
| 109|0x0000000097d00000, 0x0000000097d00000, 0x0000000097e00000|  0%| F|  |TAMS 0x0000000097d00000, 0x0000000097d00000| Untracked 
| 110|0x0000000097e00000, 0x0000000097f00000, 0x0000000097f00000|100%| E|  |TAMS 0x0000000097e00000, 0x0000000097e00000| Complete 
| 111|0x0000000097f00000, 0x0000000098000000, 0x0000000098000000|100%| E|CS|TAMS 0x0000000097f00000, 0x0000000097f00000| Complete 

Card table byte_map: [0x000001f27eb30000,0x000001f27eeb0000] _byte_map_base: 0x000001f27e6a8000

Marking Bits (Prev, Next): (CMBitMap*) 0x000001f27e3d6ec8, (CMBitMap*) 0x000001f27e3d6f00
 Prev Bits: [0x000001f216600000, 0x000001f2181c0000)
 Next Bits: [0x000001f2181c0000, 0x000001f219d80000)

Polling page: 0x000001f27c340000

Metaspace:

Usage:
  Non-class:     11.08 MB capacity,    10.90 MB ( 98%) used,   153.63 KB (  1%) free+waste,    30.38 KB ( <1%) overhead. 
      Class:      1.28 MB capacity,     1.15 MB ( 90%) used,   120.91 KB (  9%) free+waste,    14.75 KB (  1%) overhead. 
       Both:     12.36 MB capacity,    12.04 MB ( 97%) used,   274.54 KB (  2%) free+waste,    45.12 KB ( <1%) overhead. 

Virtual space:
  Non-class space:       12.00 MB reserved,      11.25 MB ( 94%) committed 
      Class space:        1.00 GB reserved,       1.38 MB ( <1%) committed 
             Both:        1.01 GB reserved,      12.62 MB (  1%) committed 

Chunk freelists:
   Non-Class:  6.12 KB
       Class:  256 bytes
        Both:  6.38 KB

CodeHeap 'non-profiled nmethods': size=120000Kb used=456Kb max_used=456Kb free=119543Kb
 bounds [0x000001f20f0d0000, 0x000001f20f340000, 0x000001f216600000]
CodeHeap 'profiled nmethods': size=120000Kb used=2041Kb max_used=2041Kb free=117958Kb
 bounds [0x000001f207ba0000, 0x000001f207e10000, 0x000001f20f0d0000]
CodeHeap 'non-nmethods': size=5760Kb used=1191Kb max_used=1207Kb free=4568Kb
 bounds [0x000001f207600000, 0x000001f207870000, 0x000001f207ba0000]
 total_blobs=1575 nmethods=1146 adapters=349
 compilation: enabled
              stopped_count=0, restarted_count=0
 full_count=0

Compilation events (10 events):
Event: 0.826 Thread 0x000001f27fcb1000 nmethod 1128 0x000001f207d84390 code [0x000001f207d845e0, 0x000001f207d84dc8]
Event: 0.826 Thread 0x000001f27fcb1000 1129       3       java.nio.Buffer::limit (65 bytes)
Event: 0.827 Thread 0x000001f27fcb1000 nmethod 1129 0x000001f207d85210 code [0x000001f207d853c0, 0x000001f207d856a8]
Event: 0.828 Thread 0x000001f27fcb1000 1130   !   3       java.util.zip.ZipFile$Source::readFullyAt (74 bytes)
Event: 0.828 Thread 0x000001f21c7a8800 1131       4       org.eclipse.jdt.launching.internal.org.objectweb.asm.SymbolTable::get (13 bytes)
Event: 0.828 Thread 0x000001f27fcb1000 nmethod 1130 0x000001f207d85790 code [0x000001f207d859a0, 0x000001f207d860c8]
Event: 0.828 Thread 0x000001f27fcb1000 1132       3       java.util.jar.JarFile::maybeInstantiateVerifier (112 bytes)
Event: 0.829 Thread 0x000001f21c7a8800 nmethod 1131 0x000001f20f140610 code [0x000001f20f1407a0, 0x000001f20f1408d8]
Event: 0.830 Thread 0x000001f27fcb1000 nmethod 1132 0x000001f207d86510 code [0x000001f207d86840, 0x000001f207d87a38]
Event: 0.830 Thread 0x000001f27fcb1000 1133       3       org.eclipse.jdt.launching.internal.org.objectweb.asm.ClassReader::accept (1383 bytes)

GC Heap History (1 events):
Event: 0.830 GC heap before
{Heap before GC invocations=0 (full 0):
 garbage-first heap   total 114688K, used 23552K [0x0000000091000000, 0x0000000100000000)
  region size 1024K, 24 young (24576K), 0 survivors (0K)
 Metaspace       used 12077K, capacity 12403K, committed 12544K, reserved 1060864K
  class space    used 1152K, capacity 1268K, committed 1280K, reserved 1048576K
}

Deoptimization events (10 events):
Event: 0.468 Thread 0x000001f27e39e800 Uncommon trap: reason=class_check action=maybe_recompile pc=0x000001f20f0fde04 method=java.util.HashMap.putVal(ILjava/lang/Object;Ljava/lang/Object;ZZ)Ljava/lang/Object; @ 91 c2
Event: 0.593 Thread 0x000001f27e39e800 Uncommon trap: reason=bimorphic_or_optimized_type_check action=maybe_recompile pc=0x000001f20f0f0f14 method=java.util.AbstractCollection.isEmpty()Z @ 1 c2
Event: 0.593 Thread 0x000001f27e39e800 Uncommon trap: reason=bimorphic_or_optimized_type_check action=maybe_recompile pc=0x000001f20f0f0f14 method=java.util.AbstractCollection.isEmpty()Z @ 1 c2
Event: 0.594 Thread 0x000001f27e39e800 Uncommon trap: reason=bimorphic_or_optimized_type_check action=maybe_recompile pc=0x000001f20f0f0f14 method=java.util.AbstractCollection.isEmpty()Z @ 1 c2
Event: 0.594 Thread 0x000001f27e39e800 Uncommon trap: reason=bimorphic_or_optimized_type_check action=maybe_recompile pc=0x000001f20f0f0f14 method=java.util.AbstractCollection.isEmpty()Z @ 1 c2
Event: 0.757 Thread 0x000001f27e39e800 Uncommon trap: reason=unstable_if action=reinterpret pc=0x000001f20f11ea44 method=org.eclipse.jdt.launching.internal.org.objectweb.asm.ClassReader.readUtf(II[C)Ljava/lang/String; @ 41 c2
Event: 0.757 Thread 0x000001f27e39e800 Uncommon trap: reason=unstable_if action=reinterpret pc=0x000001f20f0da6a4 method=java.lang.String.isLatin1()Z @ 10 c2
Event: 0.757 Thread 0x000001f27e39e800 Uncommon trap: reason=unstable_if action=reinterpret pc=0x000001f20f11b5b0 method=org.eclipse.jdt.launching.internal.org.objectweb.asm.ClassReader.readUtf(II[C)Ljava/lang/String; @ 41 c2
Event: 0.757 Thread 0x000001f27e39e800 Uncommon trap: reason=unstable_if action=reinterpret pc=0x000001f20f0d8fdc method=java.lang.String.isLatin1()Z @ 10 c2
Event: 0.757 Thread 0x000001f27e39e800 Uncommon trap: reason=unstable_if action=reinterpret pc=0x000001f20f118c30 method=org.eclipse.jdt.launching.internal.org.objectweb.asm.ClassReader.readUtf(II[C)Ljava/lang/String; @ 41 c2

Classes redefined (0 events):
No events

Internal exceptions (7 events):
Event: 0.236 Thread 0x000001f27e39e800 Exception <a 'java/lang/NoSuchMethodError'{0x000000009791ef28}: java.lang.invoke.DirectMethodHandle$Holder.invokeSpecialIFC(Ljava/lang/Object;Ljava/lang/Object;I)I> (0x000000009791ef28) thrown at [./open/src/hotspot/share/interpreter/linkResolver.cpp, lin
Event: 0.333 Thread 0x000001f27e39e800 Exception <a 'java/lang/NoSuchMethodError'{0x0000000097850008}: java.lang.invoke.DirectMethodHandle$Holder.invokeStaticInit(Ljava/lang/Object;Ljava/lang/Object;)V> (0x0000000097850008) thrown at [./open/src/hotspot/share/interpreter/linkResolver.cpp, line
Event: 0.601 Thread 0x000001f27e39e800 Exception <a 'java/lang/NoSuchMethodError'{0x000000009707a3d8}: java.lang.invoke.DirectMethodHandle$Holder.invokeStatic(Ljava/lang/Object;Ljava/lang/Object;Ljava/lang/Object;Ljava/lang/Object;Ljava/lang/Object;Ljava/lang/Object;Ljava/lang/Object;Ljava/lan
Event: 0.604 Thread 0x000001f27e39e800 Exception <a 'java/lang/NoSuchMethodError'{0x0000000097096db8}: java.lang.invoke.DirectMethodHandle$Holder.invokeStatic(Ljava/lang/Object;Ljava/lang/Object;Ljava/lang/Object;Ljava/lang/Object;Ljava/lang/Object;Ljava/lang/Object;Ljava/lang/Object;Ljava/lan
Event: 0.608 Thread 0x000001f27e39e800 Exception <a 'java/lang/NoSuchMethodError'{0x00000000970b30d0}: java.lang.invoke.DirectMethodHandle$Holder.invokeStatic(Ljava/lang/Object;Ljava/lang/Object;Ljava/lang/Object;Ljava/lang/Object;Ljava/lang/Object;Ljava/lang/Object;Ljava/lang/Object;Ljava/lan
Event: 0.818 Thread 0x000001f27e39e800 Exception <a 'java/lang/NoSuchMethodError'{0x0000000096819c38}: java.lang.invoke.DirectMethodHandle$Holder.invokeStaticInit(Ljava/lang/Object;Ljava/lang/Object;Ljava/lang/Object;)I> (0x0000000096819c38) thrown at [./open/src/hotspot/share/interpreter/link
Event: 0.821 Thread 0x000001f27e39e800 Exception <a 'java/lang/NoSuchMethodError'{0x0000000096826f08}: java.lang.invoke.DirectMethodHandle$Holder.invokeSpecial(Ljava/lang/Object;Ljava/lang/Object;)V> (0x0000000096826f08) thrown at [./open/src/hotspot/share/interpreter/linkResolver.cpp, line 77

Events (10 events):
Event: 0.820 loading class java/lang/ApplicationShutdownHooks$1 done
Event: 0.820 loading class java/lang/Shutdown
Event: 0.820 loading class java/lang/Shutdown done
Event: 0.820 loading class java/lang/Shutdown$Lock
Event: 0.820 loading class java/lang/Shutdown$Lock done
Event: 0.821 loading class com/sun/javafx/tk/quantum/QuantumToolkit
Event: 0.821 loading class com/sun/javafx/tk/quantum/QuantumToolkit done
Event: 0.821 Executing VM operation: RevokeBias
Event: 0.822 Executing VM operation: RevokeBias done
Event: 0.830 Executing VM operation: G1CollectForAllocation


Dynamic libraries:
0x00007ff764380000 - 0x00007ff764390000 	C:\Program Files\Java\jdk-11\bin\javaw.exe
0x00007ff8424d0000 - 0x00007ff8426c8000 	C:\WINDOWS\SYSTEM32\ntdll.dll
0x00007ff8415d0000 - 0x00007ff84168f000 	C:\WINDOWS\System32\KERNEL32.DLL
0x00007ff8401c0000 - 0x00007ff840492000 	C:\WINDOWS\System32\KERNELBASE.dll
0x00007ff840030000 - 0x00007ff840130000 	C:\WINDOWS\System32\ucrtbase.dll
0x00007ff8278e0000 - 0x00007ff8278fb000 	C:\Program Files\Java\jdk-11\bin\VCRUNTIME140.dll
0x00007ff8382f0000 - 0x00007ff838308000 	C:\Program Files\Java\jdk-11\bin\jli.dll
0x00007ff842310000 - 0x00007ff8423be000 	C:\WINDOWS\System32\ADVAPI32.dll
0x00007ff8412f0000 - 0x00007ff84138e000 	C:\WINDOWS\System32\msvcrt.dll
0x00007ff8421d0000 - 0x00007ff84226c000 	C:\WINDOWS\System32\sechost.dll
0x00007ff841150000 - 0x00007ff841275000 	C:\WINDOWS\System32\RPCRT4.dll
0x00007ff840ad0000 - 0x00007ff840c71000 	C:\WINDOWS\System32\USER32.dll
0x00007ff83fbc0000 - 0x00007ff83fbe2000 	C:\WINDOWS\System32\win32u.dll
0x00007ff841120000 - 0x00007ff84114b000 	C:\WINDOWS\System32\GDI32.dll
0x00007ff8297e0000 - 0x00007ff829a7a000 	C:\WINDOWS\WinSxS\amd64_microsoft.windows.common-controls_6595b64144ccf1df_6.0.19041.1110_none_60b5254171f9507e\COMCTL32.dll
0x00007ff83fe20000 - 0x00007ff83ff2f000 	C:\WINDOWS\System32\gdi32full.dll
0x00007ff83fc20000 - 0x00007ff83fcbd000 	C:\WINDOWS\System32\msvcp_win.dll
0x00007ff837730000 - 0x00007ff83773a000 	C:\WINDOWS\SYSTEM32\VERSION.dll
0x00007ff841470000 - 0x00007ff8414a2000 	C:\WINDOWS\System32\IMM32.DLL
0x00007ff838b50000 - 0x00007ff838b5c000 	C:\Program Files\Java\jdk-11\bin\vcruntime140_1.dll
0x00007fffff300000 - 0x00007fffff38e000 	C:\Program Files\Java\jdk-11\bin\msvcp140.dll
0x00007fffd63d0000 - 0x00007fffd6f38000 	C:\Program Files\Java\jdk-11\bin\server\jvm.dll
0x00007ff840510000 - 0x00007ff840518000 	C:\WINDOWS\System32\PSAPI.DLL
0x00007ff83d020000 - 0x00007ff83d047000 	C:\WINDOWS\SYSTEM32\WINMM.dll
0x00007ff83b120000 - 0x00007ff83b129000 	C:\WINDOWS\SYSTEM32\WSOCK32.dll
0x00007ff841400000 - 0x00007ff84146b000 	C:\WINDOWS\System32\WS2_32.dll
0x00007ff83e460000 - 0x00007ff83e472000 	C:\WINDOWS\SYSTEM32\kernel.appcore.dll
0x00007ff838190000 - 0x00007ff8381a0000 	C:\Program Files\Java\jdk-11\bin\verify.dll
0x00007ff83dec0000 - 0x00007ff83e0a4000 	C:\WINDOWS\SYSTEM32\DBGHELP.DLL
0x00007ff830650000 - 0x00007ff830685000 	C:\WINDOWS\SYSTEM32\dbgcore.DLL
0x00007ff840130000 - 0x00007ff8401b2000 	C:\WINDOWS\System32\bcryptPrimitives.dll
0x00007ff806920000 - 0x00007ff806948000 	C:\Program Files\Java\jdk-11\bin\java.dll
0x00007ff838130000 - 0x00007ff83813a000 	C:\Program Files\Java\jdk-11\bin\jimage.dll
0x00007fffff790000 - 0x00007fffff7c8000 	C:\Program Files\Java\jdk-11\bin\jdwp.dll
0x00007ff815680000 - 0x00007ff81568e000 	C:\Program Files\Java\jdk-11\bin\instrument.dll
0x00007ff806880000 - 0x00007ff806897000 	C:\Program Files\Java\jdk-11\bin\zip.dll
0x00007ff841690000 - 0x00007ff841dd4000 	C:\WINDOWS\System32\SHELL32.dll
0x00007ff83d650000 - 0x00007ff83dde2000 	C:\WINDOWS\SYSTEM32\windows.storage.dll
0x00007ff841e70000 - 0x00007ff8421c5000 	C:\WINDOWS\System32\combase.dll
0x00007ff83f540000 - 0x00007ff83f570000 	C:\WINDOWS\SYSTEM32\Wldp.dll
0x00007ff840e10000 - 0x00007ff840ebd000 	C:\WINDOWS\System32\SHCORE.dll
0x00007ff8413a0000 - 0x00007ff8413f5000 	C:\WINDOWS\System32\shlwapi.dll
0x00007ff83fb00000 - 0x00007ff83fb1f000 	C:\WINDOWS\SYSTEM32\profapi.dll
0x00007ff805840000 - 0x00007ff805859000 	C:\Program Files\Java\jdk-11\bin\net.dll
0x00007ff837a60000 - 0x00007ff837b6c000 	C:\WINDOWS\SYSTEM32\WINHTTP.dll
0x00007ff83f2a0000 - 0x00007ff83f30a000 	C:\WINDOWS\system32\mswsock.dll
0x00007ff805480000 - 0x00007ff805492000 	C:\Program Files\Java\jdk-11\bin\nio.dll
0x00007ff8155c0000 - 0x00007ff8155cb000 	C:\Program Files\Java\jdk-11\bin\dt_socket.dll
0x00007ff83efd0000 - 0x00007ff83f09a000 	C:\WINDOWS\SYSTEM32\DNSAPI.dll
0x00007ff83ef90000 - 0x00007ff83efcb000 	C:\WINDOWS\SYSTEM32\IPHLPAPI.DLL
0x00007ff8412e0000 - 0x00007ff8412e8000 	C:\WINDOWS\System32\NSI.dll
0x00007ff8314e0000 - 0x00007ff831560000 	C:\WINDOWS\System32\fwpuclnt.dll
0x00007ff83fbf0000 - 0x00007ff83fc17000 	C:\WINDOWS\System32\bcrypt.dll
0x00007ff830820000 - 0x00007ff83082a000 	C:\Windows\System32\rasadhlp.dll
0x000001f21e890000 - 0x000001f21e893000 	D:\Binus\MPF Lab\openjfx-17.0.7_windows-x64_bin-sdk\javafx-sdk-17.0.7\bin\api-ms-win-core-console-l1-1-0.dll
0x000001f21e8a0000 - 0x000001f21e8a3000 	D:\Binus\MPF Lab\openjfx-17.0.7_windows-x64_bin-sdk\javafx-sdk-17.0.7\bin\api-ms-win-core-console-l1-2-0.dll
0x000001f21e8b0000 - 0x000001f21e8b3000 	D:\Binus\MPF Lab\openjfx-17.0.7_windows-x64_bin-sdk\javafx-sdk-17.0.7\bin\api-ms-win-core-datetime-l1-1-0.dll
0x000001f21e8c0000 - 0x000001f21e8c3000 	D:\Binus\MPF Lab\openjfx-17.0.7_windows-x64_bin-sdk\javafx-sdk-17.0.7\bin\api-ms-win-core-debug-l1-1-0.dll
0x000001f21e8d0000 - 0x000001f21e8d3000 	D:\Binus\MPF Lab\openjfx-17.0.7_windows-x64_bin-sdk\javafx-sdk-17.0.7\bin\api-ms-win-core-errorhandling-l1-1-0.dll
0x000001f21e8e0000 - 0x000001f21e8e4000 	D:\Binus\MPF Lab\openjfx-17.0.7_windows-x64_bin-sdk\javafx-sdk-17.0.7\bin\api-ms-win-core-file-l1-1-0.dll
0x000001f21e8f0000 - 0x000001f21e8f3000 	D:\Binus\MPF Lab\openjfx-17.0.7_windows-x64_bin-sdk\javafx-sdk-17.0.7\bin\api-ms-win-core-file-l1-2-0.dll
0x000001f21e900000 - 0x000001f21e903000 	D:\Binus\MPF Lab\openjfx-17.0.7_windows-x64_bin-sdk\javafx-sdk-17.0.7\bin\api-ms-win-core-file-l2-1-0.dll
0x000001f21e910000 - 0x000001f21e913000 	D:\Binus\MPF Lab\openjfx-17.0.7_windows-x64_bin-sdk\javafx-sdk-17.0.7\bin\api-ms-win-core-handle-l1-1-0.dll
0x000001f21e920000 - 0x000001f21e923000 	D:\Binus\MPF Lab\openjfx-17.0.7_windows-x64_bin-sdk\javafx-sdk-17.0.7\bin\api-ms-win-core-heap-l1-1-0.dll
0x000001f21e930000 - 0x000001f21e933000 	D:\Binus\MPF Lab\openjfx-17.0.7_windows-x64_bin-sdk\javafx-sdk-17.0.7\bin\api-ms-win-core-interlocked-l1-1-0.dll
0x000001f21e940000 - 0x000001f21e943000 	D:\Binus\MPF Lab\openjfx-17.0.7_windows-x64_bin-sdk\javafx-sdk-17.0.7\bin\api-ms-win-core-libraryloader-l1-1-0.dll
0x000001f21e950000 - 0x000001f21e953000 	D:\Binus\MPF Lab\openjfx-17.0.7_windows-x64_bin-sdk\javafx-sdk-17.0.7\bin\api-ms-win-core-localization-l1-2-0.dll
0x000001f21e960000 - 0x000001f21e963000 	D:\Binus\MPF Lab\openjfx-17.0.7_windows-x64_bin-sdk\javafx-sdk-17.0.7\bin\api-ms-win-core-memory-l1-1-0.dll
0x000001f21e970000 - 0x000001f21e973000 	D:\Binus\MPF Lab\openjfx-17.0.7_windows-x64_bin-sdk\javafx-sdk-17.0.7\bin\api-ms-win-core-namedpipe-l1-1-0.dll
0x000001f21e980000 - 0x000001f21e983000 	D:\Binus\MPF Lab\openjfx-17.0.7_windows-x64_bin-sdk\javafx-sdk-17.0.7\bin\api-ms-win-core-processenvironment-l1-1-0.dll
0x000001f21e990000 - 0x000001f21e993000 	D:\Binus\MPF Lab\openjfx-17.0.7_windows-x64_bin-sdk\javafx-sdk-17.0.7\bin\api-ms-win-core-processthreads-l1-1-0.dll
0x000001f21e9a0000 - 0x000001f21e9a3000 	D:\Binus\MPF Lab\openjfx-17.0.7_windows-x64_bin-sdk\javafx-sdk-17.0.7\bin\api-ms-win-core-processthreads-l1-1-1.dll
0x000001f21e9b0000 - 0x000001f21e9b3000 	D:\Binus\MPF Lab\openjfx-17.0.7_windows-x64_bin-sdk\javafx-sdk-17.0.7\bin\api-ms-win-core-profile-l1-1-0.dll
0x000001f21e9c0000 - 0x000001f21e9c3000 	D:\Binus\MPF Lab\openjfx-17.0.7_windows-x64_bin-sdk\javafx-sdk-17.0.7\bin\api-ms-win-core-rtlsupport-l1-1-0.dll
0x000001f21e9d0000 - 0x000001f21e9d3000 	D:\Binus\MPF Lab\openjfx-17.0.7_windows-x64_bin-sdk\javafx-sdk-17.0.7\bin\api-ms-win-core-string-l1-1-0.dll
0x000001f21e9e0000 - 0x000001f21e9e3000 	D:\Binus\MPF Lab\openjfx-17.0.7_windows-x64_bin-sdk\javafx-sdk-17.0.7\bin\api-ms-win-core-synch-l1-1-0.dll
0x000001f21e9f0000 - 0x000001f21e9f3000 	D:\Binus\MPF Lab\openjfx-17.0.7_windows-x64_bin-sdk\javafx-sdk-17.0.7\bin\api-ms-win-core-synch-l1-2-0.dll
0x000001f21ea00000 - 0x000001f21ea03000 	D:\Binus\MPF Lab\openjfx-17.0.7_windows-x64_bin-sdk\javafx-sdk-17.0.7\bin\api-ms-win-core-sysinfo-l1-1-0.dll
0x000001f21ea10000 - 0x000001f21ea13000 	D:\Binus\MPF Lab\openjfx-17.0.7_windows-x64_bin-sdk\javafx-sdk-17.0.7\bin\api-ms-win-core-timezone-l1-1-0.dll
0x000001f21ea20000 - 0x000001f21ea23000 	D:\Binus\MPF Lab\openjfx-17.0.7_windows-x64_bin-sdk\javafx-sdk-17.0.7\bin\api-ms-win-core-util-l1-1-0.dll
0x000001f21ea30000 - 0x000001f21ea33000 	D:\Binus\MPF Lab\openjfx-17.0.7_windows-x64_bin-sdk\javafx-sdk-17.0.7\bin\api-ms-win-crt-conio-l1-1-0.dll
0x000001f21ea40000 - 0x000001f21ea44000 	D:\Binus\MPF Lab\openjfx-17.0.7_windows-x64_bin-sdk\javafx-sdk-17.0.7\bin\api-ms-win-crt-convert-l1-1-0.dll
0x000001f21ea50000 - 0x000001f21ea53000 	D:\Binus\MPF Lab\openjfx-17.0.7_windows-x64_bin-sdk\javafx-sdk-17.0.7\bin\api-ms-win-crt-environment-l1-1-0.dll
0x000001f21ea60000 - 0x000001f21ea63000 	D:\Binus\MPF Lab\openjfx-17.0.7_windows-x64_bin-sdk\javafx-sdk-17.0.7\bin\api-ms-win-crt-filesystem-l1-1-0.dll
0x000001f21ea70000 - 0x000001f21ea73000 	D:\Binus\MPF Lab\openjfx-17.0.7_windows-x64_bin-sdk\javafx-sdk-17.0.7\bin\api-ms-win-crt-heap-l1-1-0.dll
0x000001f21ea80000 - 0x000001f21ea83000 	D:\Binus\MPF Lab\openjfx-17.0.7_windows-x64_bin-sdk\javafx-sdk-17.0.7\bin\api-ms-win-crt-locale-l1-1-0.dll
0x000001f21ea90000 - 0x000001f21ea95000 	D:\Binus\MPF Lab\openjfx-17.0.7_windows-x64_bin-sdk\javafx-sdk-17.0.7\bin\api-ms-win-crt-math-l1-1-0.dll
0x000001f21eaa0000 - 0x000001f21eaa5000 	D:\Binus\MPF Lab\openjfx-17.0.7_windows-x64_bin-sdk\javafx-sdk-17.0.7\bin\api-ms-win-crt-multibyte-l1-1-0.dll
0x000001f21eab0000 - 0x000001f21eac0000 	D:\Binus\MPF Lab\openjfx-17.0.7_windows-x64_bin-sdk\javafx-sdk-17.0.7\bin\api-ms-win-crt-private-l1-1-0.dll
0x000001f21eac0000 - 0x000001f21eac3000 	D:\Binus\MPF Lab\openjfx-17.0.7_windows-x64_bin-sdk\javafx-sdk-17.0.7\bin\api-ms-win-crt-process-l1-1-0.dll
0x000001f21ead0000 - 0x000001f21ead4000 	D:\Binus\MPF Lab\openjfx-17.0.7_windows-x64_bin-sdk\javafx-sdk-17.0.7\bin\api-ms-win-crt-runtime-l1-1-0.dll
0x000001f21eae0000 - 0x000001f21eae4000 	D:\Binus\MPF Lab\openjfx-17.0.7_windows-x64_bin-sdk\javafx-sdk-17.0.7\bin\api-ms-win-crt-stdio-l1-1-0.dll
0x000001f21eaf0000 - 0x000001f21eaf4000 	D:\Binus\MPF Lab\openjfx-17.0.7_windows-x64_bin-sdk\javafx-sdk-17.0.7\bin\api-ms-win-crt-string-l1-1-0.dll
0x000001f21eb00000 - 0x000001f21eb03000 	D:\Binus\MPF Lab\openjfx-17.0.7_windows-x64_bin-sdk\javafx-sdk-17.0.7\bin\api-ms-win-crt-time-l1-1-0.dll
0x000001f21eb10000 - 0x000001f21eb13000 	D:\Binus\MPF Lab\openjfx-17.0.7_windows-x64_bin-sdk\javafx-sdk-17.0.7\bin\api-ms-win-crt-utility-l1-1-0.dll
0x00007fffeb140000 - 0x00007fffeb23c000 	D:\Binus\MPF Lab\openjfx-17.0.7_windows-x64_bin-sdk\javafx-sdk-17.0.7\bin\ucrtbase.dll
0x00007ff8035b0000 - 0x00007ff8035cb000 	D:\Binus\MPF Lab\openjfx-17.0.7_windows-x64_bin-sdk\javafx-sdk-17.0.7\bin\vcruntime140.dll
0x00007ff816ba0000 - 0x00007ff816bac000 	D:\Binus\MPF Lab\openjfx-17.0.7_windows-x64_bin-sdk\javafx-sdk-17.0.7\bin\vcruntime140_1.dll
0x00007fffeaad0000 - 0x00007fffeab5e000 	D:\Binus\MPF Lab\openjfx-17.0.7_windows-x64_bin-sdk\javafx-sdk-17.0.7\bin\msvcp140.dll
0x00007ff816550000 - 0x00007ff816559000 	D:\Binus\MPF Lab\openjfx-17.0.7_windows-x64_bin-sdk\javafx-sdk-17.0.7\bin\msvcp140_1.dll
0x00007ff800950000 - 0x00007ff800980000 	D:\Binus\MPF Lab\openjfx-17.0.7_windows-x64_bin-sdk\javafx-sdk-17.0.7\bin\msvcp140_2.dll
0x00007fffff7d0000 - 0x00007fffff7fa000 	D:\Binus\MPF Lab\openjfx-17.0.7_windows-x64_bin-sdk\javafx-sdk-17.0.7\bin\prism_d3d.dll
0x00007ff806a70000 - 0x00007ff806c3e000 	C:\WINDOWS\system32\d3d9.dll
0x00007ff83d180000 - 0x00007ff83d1af000 	C:\WINDOWS\SYSTEM32\dwmapi.dll
0x00007ff83c430000 - 0x00007ff83c4ce000 	C:\WINDOWS\system32\uxtheme.dll
0x00007ff834cc0000 - 0x00007ff834e9d000 	C:\WINDOWS\System32\DriverStore\FileRepository\u0355756.inf_amd64_5146fc3a012e7afa\B354291\aticfx64.dll
0x00007ff8074b0000 - 0x00007ff8074e0000 	C:\WINDOWS\System32\DriverStore\FileRepository\u0355756.inf_amd64_5146fc3a012e7afa\B354291\atiu9p64.dll
0x00007ff804780000 - 0x00007ff80544b000 	C:\WINDOWS\System32\DriverStore\FileRepository\u0355756.inf_amd64_5146fc3a012e7afa\B354291\atiumd64.dll
0x00007ff840ce0000 - 0x00007ff840e0a000 	C:\WINDOWS\System32\ole32.dll
0x00007ffffa500000 - 0x00007ffffa542000 	D:\Binus\MPF Lab\openjfx-17.0.7_windows-x64_bin-sdk\javafx-sdk-17.0.7\bin\glass.dll
0x00007ff840520000 - 0x00007ff8405fa000 	C:\WINDOWS\System32\COMDLG32.dll
0x00007ff8423c0000 - 0x00007ff84248d000 	C:\WINDOWS\System32\OLEAUT32.dll
0x00007ff8001f0000 - 0x00007ff80024e000 	C:\Program Files\Huawei\PCManager\plugins\PerfWndMonModule.dll
0x00007ff8414b0000 - 0x00007ff8415c5000 	C:\WINDOWS\System32\MSCTF.dll

dbghelp: loaded successfully - version: 4.0.5 - missing functions: none
symbol engine: initialized successfully - sym options: 0x614 - pdb path: .;C:\Program Files\Java\jdk-11\bin;C:\WINDOWS\SYSTEM32;C:\WINDOWS\WinSxS\amd64_microsoft.windows.common-controls_6595b64144ccf1df_6.0.19041.1110_none_60b5254171f9507e;C:\Program Files\Java\jdk-11\bin\server;D:\Binus\MPF Lab\openjfx-17.0.7_windows-x64_bin-sdk\javafx-sdk-17.0.7\bin;C:\WINDOWS\System32\DriverStore\FileRepository\u0355756.inf_amd64_5146fc3a012e7afa\B354291

VM Arguments:
jvm_args: -agentlib:jdwp=transport=dt_socket,suspend=y,address=localhost:5242 --module-path=D:\Binus\MPF Lab\openjfx-17.0.7_windows-x64_bin-sdk\javafx-sdk-17.0.7\lib --add-modules=javafx.base,javafx.controls,javafx.media -javaagent:D:\balikin lagi\App\eclipse-java-2020-06-R-win32-x86_64\eclipse\configuration\org.eclipse.osgi\222\0\.cp\lib\javaagent-shaded.jar -Dfile.encoding=Cp1252 --module-path=D:\Binus\MPF Lab\openjfx-17.0.7_windows-x64_bin-sdk\javafx-sdk-17.0.7\lib\javafx.base.jar;D:\Binus\MPF Lab\openjfx-17.0.7_windows-x64_bin-sdk\javafx-sdk-17.0.7\lib\javafx.controls.jar;D:\Binus\MPF Lab\openjfx-17.0.7_windows-x64_bin-sdk\javafx-sdk-17.0.7\lib\javafx.fxml.jar;D:\Binus\MPF Lab\openjfx-17.0.7_windows-x64_bin-sdk\javafx-sdk-17.0.7\lib\javafx.graphics.jar;D:\Binus\MPF Lab\openjfx-17.0.7_windows-x64_bin-sdk\javafx-sdk-17.0.7\lib\javafx.media.jar;D:\Binus\MPF Lab\openjfx-17.0.7_windows-x64_bin-sdk\javafx-sdk-17.0.7\lib\javafx.swing.jar;D:\Binus\MPF Lab\openjfx-17.0.7_windows-x64_bin-sdk\javafx-sdk-17.0.7\lib\javafx.web.jar;D:\Binus\MPF Lab\openjfx-17.0.7_windows-x64_bin-sdk\javafx-sdk-17.0.7\lib\javafx-swt.jar 
java_command: ruindows.LoginPage
java_class_path (initial): D:\Binus\MPF Lab\EmilyWilkinson_2702305424_LionaLoren_2702306912_MPF_Project\bin
Launcher Type: SUN_STANDARD

[Global flags]
     intx CICompilerCount                          = 4                                         {product} {ergonomic}
     uint ConcGCThreads                            = 2                                         {product} {ergonomic}
     uint G1ConcRefinementThreads                  = 8                                         {product} {ergonomic}
   size_t G1HeapRegionSize                         = 1048576                                   {product} {ergonomic}
    uintx GCDrainStackTargetSize                   = 64                                        {product} {ergonomic}
   size_t InitialHeapSize                          = 117440512                                 {product} {ergonomic}
   size_t MarkStackSize                            = 4194304                                   {product} {ergonomic}
   size_t MaxHeapSize                              = 1862270976                                {product} {ergonomic}
   size_t MaxNewSize                               = 1116733440                                {product} {ergonomic}
   size_t MinHeapDeltaBytes                        = 1048576                                   {product} {ergonomic}
    uintx NonNMethodCodeHeapSize                   = 5836300                                {pd product} {ergonomic}
    uintx NonProfiledCodeHeapSize                  = 122910970                              {pd product} {ergonomic}
    uintx ProfiledCodeHeapSize                     = 122910970                              {pd product} {ergonomic}
    uintx ReservedCodeCacheSize                    = 251658240                              {pd product} {ergonomic}
     bool SegmentedCodeCache                       = true                                      {product} {ergonomic}
     bool UseCompressedClassPointers               = true                                 {lp64_product} {ergonomic}
     bool UseCompressedOops                        = true                                 {lp64_product} {ergonomic}
     bool UseG1GC                                  = true                                      {product} {ergonomic}
     bool UseLargePagesIndividualAllocation        = false                                  {pd product} {ergonomic}

Logging:
Log output configuration:
 #0: stdout all=warning uptime,level,tags
 #1: stderr all=off uptime,level,tags

Environment Variables:
PATH=C:/Program Files/Java/jre1.8.0_51/bin/server;C:/Program Files/Java/jre1.8.0_51/bin;C:/Program Files/Java/jre1.8.0_51/lib/amd64;C:\Program Files\Common Files\Oracle\Java\javapath;C:\ProgramData\Oracle\Java\javapath;C:\WINDOWS\system32;C:\WINDOWS;C:\WINDOWS\System32\Wbem;C:\WINDOWS\System32\WindowsPowerShell\v1.0\;C:\WINDOWS\System32\OpenSSH\;C:\xampp\php;C:\composer;D:\flutter_temp\flutter\bin;C:\Users\lolio\AppData\Local\Programs\Python\Python37\Scripts\;C:\Users\lolio\AppData\Local\Programs\Python\Python37\;C:\Users\lolio\AppData\Local\Microsoft\WindowsApps;C:\Users\lolio\AppData\Local\Programs\Microsoft VS Code\bin;C:\Users\lolio\AppData\Roaming\Composer\vendor\bin;D:\Anaconda;D:\Anaconda\Scripts;D:\Anaconda\Library\bin;;D:\balikin lagi\App\eclipse-java-2020-06-R-win32-x86_64\eclipse;
USERNAME=lolio
OS=Windows_NT
PROCESSOR_IDENTIFIER=AMD64 Family 23 Model 24 Stepping 1, AuthenticAMD



---------------  S Y S T E M  ---------------

OS: Windows 10 , 64 bit Build 19041 (10.0.19041.2364)

CPU:total 8 (initial active 8) (8 cores per cpu, 2 threads per core) family 23 model 24 stepping 1 microcode 0x0, cmov, cx8, fxsr, mmx, sse, sse2, sse3, ssse3, sse4.1, sse4.2, popcnt, avx, avx2, aes, clmul, mmxext, 3dnowpref, lzcnt, sse4a, ht, tsc, tscinvbit, tscinv, bmi1, bmi2, adx, s

Memory: 4k page, system-wide physical 7103M (1304M free)
TotalPageFile size 11063M (AvailPageFile size 2M)
current process WorkingSet (physical memory assigned to process): 92M, peak: 92M
current process commit charge ("private bytes"): 214M, peak: 220M

vm_info: Java HotSpot(TM) 64-Bit Server VM (11.0.18+9-LTS-195) for windows-amd64 JRE (11.0.18+9-LTS-195), built on Dec  6 2022 15:50:58 by "mach5one" with MS VC++ 17.1 (VS2022)

END.
